#
# A fatal error has been detected by the Java Runtime Environment:
#
#  Internal Error (jvmciRuntime.cpp:1609), pid=43, tid=57
#  fatal error: Fatal exception in JVMCI: Error calling jdk.vm.ci.services.Services.serializeSavedProperties
#
# JRE version: OpenJDK Runtime Environment GraalVM CE 22.3.0 (17.0.5+8) (build 17.0.5+8-jvmci-22.3-b08)
# Java VM: OpenJDK 64-Bit Server VM GraalVM CE 22.3.0 (17.0.5+8-jvmci-22.3-b08, mixed mode, sharing, tiered, jvmci, jvmci compiler, compressed oops, compressed class ptrs, parallel gc, linux-amd64)
# Problematic frame:
# V  [libjvm.so+0x972714]  JVMCIRuntime::fatal_exception(JVMCIEnv*, char const*)+0x74
#
# Core dump will be written. Default location: Core dumps may be processed with "/usr/share/apport/apport -p%p -s%s -c%c -d%d -P%P -u%u -g%g -- %E" (or dumping to /home/runner/TestWithGit/core.43)
#
# If you would like to submit a bug report, please visit:
#   https://github.com/oracle/graal/issues
#

---------------  S U M M A R Y ------------

Command Line: -XX:ThreadPriorityPolicy=1 -XX:+UnlockExperimentalVMOptions -XX:+EnableJVMCIProduct -XX:JVMCIThreadsPerNativeLibraryRuntime=1 -XX:-UnlockExperimentalVMOptions -Declipse.application=org.eclipse.jdt.ls.core.id1 -Dosgi.bundles.defaultStartLevel=4 -Declipse.product=org.eclipse.jdt.ls.core.product -Dlog.level=ALL -Xverify:none -XX:+UseParallelGC -XX:GCTimeRatio=4 -XX:AdaptiveSizePolicyWeight=90 -Dsun.zip.disableMemoryMapping=true -Xmx512m -Xms100m /nix/store/m6gcpi1ii6rghy04cjwjddcavv7i90df-jdt-language-server-1.9.0/share/java/plugins/org.eclipse.equinox.launcher_1.6.400.v20210924-0641.jar --add-modules=ALL-SYSTEM --add-opens java.base/java.util=ALL-UNNAMED --add-opens java.base/java.lang=ALL-UNNAMED -configuration /home/runner/.cache/jdt-language-server/config -data /home/runner/.cache/jdt-language-server/data/home/runner/TestWithGit

Host: AMD EPYC 7B12, 8 cores, 1G, Ubuntu 20.04.2 LTS
Time: Sat Jul 22 02:15:14 2023 UTC elapsed time: 1113.475097 seconds (0d 0h 18m 33s)

---------------  T H R E A D  ---------------

Current thread (0x00007f06b80b21e0):  JavaThread "JVMCI-native CompilerThread0" daemon [_thread_in_vm, id=57, stack(0x00007f069e21a000,0x00007f069e41a000)]


Current CompileTask:
JVMCI-native:1113475 10428       4       org.eclipse.core.runtime.jobs.Job::getState (5 bytes)

Stack: [0x00007f069e21a000,0x00007f069e41a000],  sp=0x00007f069e418380,  free space=2040k
Native frames: (J=compiled Java code, j=interpreted, Vv=VM code, C=native code)
V  [libjvm.so+0x972714]  JVMCIRuntime::fatal_exception(JVMCIEnv*, char const*)+0x74
V  [libjvm.so+0x93e2fe]  JVMCIEnv::copy_saved_properties()+0x14e
V  [libjvm.so+0x9732a9]  JVMCIRuntime::initialize(JVMCIEnv*)+0xb19
V  [libjvm.so+0x9738a2]  JVMCIRuntime::get_HotSpotJVMCIRuntime(JVMCIEnv*)+0x12
V  [libjvm.so+0x9749f2]  JVMCIRuntime::compile_method(JVMCIEnv*, JVMCICompiler*, methodHandle const&, int)+0xd2
V  [libjvm.so+0x5b0d20]  CompileBroker::invoke_compiler_on_method(CompileTask*)+0x1470
V  [libjvm.so+0x5b12e8]  CompileBroker::compiler_thread_loop()+0x528
V  [libjvm.so+0xd82460]  JavaThread::thread_main_inner()+0xd0
V  [libjvm.so+0xd85a40]  Thread::call_run()+0xc0
V  [libjvm.so+0xbdb1e1]  thread_native_entry(Thread*)+0xe1

Register to memory mapping:

RAX=0x00007f06bdfbf000 points into unknown readable memory: 0x0000000000000058 | 58 00 00 00 00 00 00 00
RBX=0x00007f06bf0ba398: <offset 0x0000000000ef5398> in /nix/store/gpxl5qgg8kicmcvivwmybwjlpf7wh20l-graalvm17-ce-22.3.0/lib/server/libjvm.so at 0x00007f06be1c5000
RCX=0x00007f06bf0721e8: <offset 0x0000000000ead1e8> in /nix/store/gpxl5qgg8kicmcvivwmybwjlpf7wh20l-graalvm17-ce-22.3.0/lib/server/libjvm.so at 0x00007f06be1c5000
RDX=0x0000000000000649 is an unknown value
RSP=0x00007f069e418380 is pointing into the stack for thread: 0x00007f06b80b21e0
RBP=0x00007f069e4183a0 is pointing into the stack for thread: 0x00007f06b80b21e0
RSI=0x00007f06bf0bac48: <offset 0x0000000000ef5c48> in /nix/store/gpxl5qgg8kicmcvivwmybwjlpf7wh20l-graalvm17-ce-22.3.0/lib/server/libjvm.so at 0x00007f06be1c5000
RDI=0x00000000e0000000 is an oop: java.lang.String 
{0x00000000e0000000} - klass: 'java/lang/String'
 - string: "resolution"
R8 =0x00007f06bf0ba398: <offset 0x0000000000ef5398> in /nix/store/gpxl5qgg8kicmcvivwmybwjlpf7wh20l-graalvm17-ce-22.3.0/lib/server/libjvm.so at 0x00007f06be1c5000
R9 =0x00007f069e418330 is pointing into the stack for thread: 0x00007f06b80b21e0
R10=0x00007f069e419948 is pointing into the stack for thread: 0x00007f06b80b21e0
R11=0x0000000000000293 is an unknown value
R12=0x0 is NULL
R13=0x00007f06b80b21e0 is a thread
R14=0x00007f06b8000b80 points into unknown readable memory: 0x00007f06bf2eba38 | 38 ba 2e bf 06 7f 00 00
R15=0x00007f06bf3f9e40: <offset 0x0000000001234e40> in /nix/store/gpxl5qgg8kicmcvivwmybwjlpf7wh20l-graalvm17-ce-22.3.0/lib/server/libjvm.so at 0x00007f06be1c5000


Registers:
RAX=0x00007f06bdfbf000, RBX=0x00007f06bf0ba398, RCX=0x00007f06bf0721e8, RDX=0x0000000000000649
RSP=0x00007f069e418380, RBP=0x00007f069e4183a0, RSI=0x00007f06bf0bac48, RDI=0x00000000e0000000
R8 =0x00007f06bf0ba398, R9 =0x00007f069e418330, R10=0x00007f069e419948, R11=0x0000000000000293
R12=0x0000000000000000, R13=0x00007f06b80b21e0, R14=0x00007f06b8000b80, R15=0x00007f06bf3f9e40
RIP=0x00007f06beb37714, EFLAGS=0x0000000000010206, CSGSFS=0x002b000000000033, ERR=0x0000000000000006
  TRAPNO=0x000000000000000e

Top of Stack: (sp=0x00007f069e418380)
0x00007f069e418380:   00007f069e418940 00007f06b80b21e0
0x00007f069e418390:   00007f06bc9508c8 0000000800c40fc0
0x00007f069e4183a0:   00007f069e418500 00007f06beb032fe
0x00007f069e4183b0:   00007f069e4183e0 00007f069e418440 

Instructions: (pc=0x00007f06beb37714)
0x00007f06beb37614:   30 e8 f6 cf e8 ff 4c 89 e7 e8 2e 48 d1 ff 84 db
0x00007f06beb37624:   75 2a 4d 85 ed 74 04 4d 8b 6d 00 48 83 c4 08 44
0x00007f06beb37634:   89 f9 4c 89 f2 4c 89 ee 5b 4c 89 e7 41 5c 41 5d
0x00007f06beb37644:   41 5e 41 5f 5d e9 e2 47 d1 ff 66 90 48 83 c4 08
0x00007f06beb37654:   5b 41 5c 41 5d 41 5e 41 5f 5d c3 90 31 d2 be 08
0x00007f06beb37664:   00 00 00 4c 89 ff e8 b1 78 a3 ff 49 89 c5 e9 37
0x00007f06beb37674:   ff ff ff 66 0f 1f 84 00 00 00 00 00 48 8b 7a 08
0x00007f06beb37684:   e9 6d ff ff ff 0f 1f 80 00 00 00 00 e8 5b 48 0a
0x00007f06beb37694:   00 84 c0 75 89 e9 6a ff ff ff 66 90 55 48 89 e5
0x00007f06beb376a4:   41 56 41 55 41 54 49 89 fc 53 48 89 f3 66 48 8d
0x00007f06beb376b4:   3d 27 5e 85 00 66 66 48 e8 df 43 8d ff 4c 8b 28
0x00007f06beb376c4:   8b 05 be 72 8a 00 85 c0 75 14 ba 01 00 00 00 48
0x00007f06beb376d4:   8d 0d ae 72 8a 00 f0 0f b1 11 85 c0 74 4e be c8
0x00007f06beb376e4:   00 00 00 4c 89 ef e8 01 0b 41 00 48 8d 05 12 ac
0x00007f06beb376f4:   85 00 49 89 d8 48 8d 0d e8 aa 53 00 ba 49 06 00
0x00007f06beb37704:   00 48 8d 35 3c 35 58 00 bf 00 00 00 e0 48 8b 00
0x00007f06beb37714:   c6 00 58 31 c0 e8 e2 91 c6 ff 5b 41 5c 41 5d 41
0x00007f06beb37724:   5e 5d e9 55 34 26 00 0f 1f 44 00 00 48 8d 05 81
0x00007f06beb37734:   a3 8b 00 48 89 df 4c 8b 30 e8 9e 43 8d ff 48 89
0x00007f06beb37744:   de 48 89 c2 49 8b 06 4c 89 f7 ff 50 08 4c 89 f7
0x00007f06beb37754:   e8 a7 5c 27 00 4d 85 e4 74 12 be 01 00 00 00 4c
0x00007f06beb37764:   89 e7 e8 35 43 fc ff eb 82 0f 1f 00 be 01 00 00
0x00007f06beb37774:   00 4c 89 ef e8 d3 fd ff ff e9 6d ff ff ff 66 66
0x00007f06beb37784:   2e 0f 1f 84 00 00 00 00 00 0f 1f 00 55 48 89 e5
0x00007f06beb37794:   41 57 41 56 41 55 41 54 53 48 81 ec 08 02 00 00
0x00007f06beb377a4:   64 48 8b 04 25 28 00 00 00 48 89 45 c8 8b 07 83
0x00007f06beb377b4:   f8 02 0f 84 11 04 00 00 4c 8b 6f 18 49 89 ff 49
0x00007f06beb377c4:   89 f4 4d 85 ed 74 14 4c 89 ef e8 5d 57 22 00 41
0x00007f06beb377d4:   8b 07 83 f8 02 0f 84 19 04 00 00 48 8d 1d 9a 06
0x00007f06beb377e4:   8a 00 4c 8d 35 0b 3c 58 00 eb 38 90 48 85 d2 7f
0x00007f06beb377f4:   0d 48 8d 05 b4 c0 85 00 48 83 38 00 7e 0e 41 8b
0x00007f06beb37804:   77 2c 4c 89 f7 31 c0 e8 a0 b2 f7 ff 49 8b 7f 18 


Stack slot to memory mapping:
stack at sp + 0 slots: 0x00007f069e418940 is pointing into the stack for thread: 0x00007f06b80b21e0
stack at sp + 1 slots: 0x00007f06b80b21e0 is a thread
stack at sp + 2 slots: 0x00007f06bc9508c8 points into unknown readable memory: 0x65730018e552ffff | ff ff 52 e5 18 00 73 65
stack at sp + 3 slots: 0x0000000800c40fc0 is a pointer to class: 
jdk.vm.ci.services.Services {0x0000000800c40fc0}
 - instance size:     2
 - klass size:        65
 - access:            public final synchronized 
 - state:             fully_initialized
 - name:              'jdk/vm/ci/services/Services'
 - super:             'java/lang/Object'
 - sub:               
 - arrays:            NULL
 - methods:           Array<T>(0x00007f069ec3e9d0)
 - method ordering:   Array<T>(0x0000000800928960)
 - default_methods:   Array<T>(0x0000000000000000)
 - local interfaces:  Array<T>(0x00000008005ce810)
 - trans. interfaces: Array<T>(0x00000008005ce810)
 - constants:         constant pool [427] {0x00007f069ec3dab0} for 'jdk/vm/ci/services/Services' cache=0x00007f069ec3fca0
 - class loader data:  loader data: 0x00007f06b80283f0 of 'bootstrap'
 - source file:       'Services.java'
 - class annotations:       Array<T>(0x0000000000000000)
 - class type annotations:  Array<T>(0x0000000000000000)
 - field annotations:       Array<T>(0x0000000000000000)
 - field type annotations:  Array<T>(0x0000000000000000)
 - inner classes:     Array<T>(0x00007f069ec3fc70)
 - nest members:     Array<T>(0x00007f069ec3fc90)
 - permitted subclasses:     Array<T>(0x00000008005ce7a0)
 - java mirror:       a 'java/lang/Class'{0x00000000e0149730} = 'jdk/vm/ci/services/Services'
 - vtable length      5  (start addr: 0x0000000800c41190)
 - itable length      2 (start addr: 0x0000000800c411b8)
 - ---- static fields (3 words):
 - public static final 'IS_BUILDING_NATIVE_IMAGE' 'Z' @128 
 - public static final 'IS_IN_NATIVE_IMAGE' 'Z' @129 
 - private static volatile 'savedProperties' 'Ljava/util/Map;' @112 
 - static final 'JVMCI_ENABLED' 'Z' @130 
 - private static final 'servicesCache' 'Ljava/util/Map;' @116 
 - private static final 'MAX_UNICODE_IN_UTF8_LENGTH' 'I' @120 
 - private static final 'MAX_UTF8_PROPERTY_STRING_LENGTH' 'I' @124 
 - ---- non-static fields (0 words):
 - non-static oop maps: 
stack at sp + 4 slots: 0x00007f069e418500 is pointing into the stack for thread: 0x00007f06b80b21e0
stack at sp + 5 slots: 0x00007f06beb032fe: <offset 0x000000000093e2fe> in /nix/store/gpxl5qgg8kicmcvivwmybwjlpf7wh20l-graalvm17-ce-22.3.0/lib/server/libjvm.so at 0x00007f06be1c5000
stack at sp + 6 slots: 0x00007f069e4183e0 is pointing into the stack for thread: 0x00007f06b80b21e0
stack at sp + 7 slots: 0x00007f069e418440 is pointing into the stack for thread: 0x00007f06b80b21e0


---------------  P R O C E S S  ---------------

Threads class SMR info:
_java_thread_list=0x00007f0604000c40, length=27, elements={
0x00007f06b8026690, 0x00007f06b80a64d0, 0x00007f06b80a7910, 0x00007f06b80ae050,
0x00007f06b80af400, 0x00007f06b80b07f0, 0x00007f06b80b21e0, 0x00007f06b80b36f0,
0x00007f06b80b4b40, 0x00007f06b80dfb90, 0x00007f06b8127eb0, 0x00007f06b833b5a0,
0x00007f06b836e760, 0x00007f06b8370e40, 0x00007f06b8635fd0, 0x00007f064c0171b0,
0x00007f064c2a0940, 0x00007f064c304750, 0x00007f06400010d0, 0x00007f064c4822a0,
0x00007f064c522470, 0x00007f06b83b4380, 0x00007f06b83fbff0, 0x00007f0624001130,
0x00007f0628155730, 0x00007f062809ed30, 0x00007f062805c6a0
}

Java Threads: ( => current thread )
  0x00007f06b8026690 JavaThread "main" [_thread_blocked, id=49, stack(0x00007f06bdfe0000,0x00007f06be0e0000)]
  0x00007f06b80a64d0 JavaThread "Reference Handler" daemon [_thread_blocked, id=52, stack(0x00007f069eb00000,0x00007f069ec00000)]
  0x00007f06b80a7910 JavaThread "Finalizer" daemon [_thread_blocked, id=53, stack(0x00007f069ea00000,0x00007f069eb00000)]
  0x00007f06b80ae050 JavaThread "Signal Dispatcher" daemon [_thread_blocked, id=54, stack(0x00007f069e61a000,0x00007f069e71a000)]
  0x00007f06b80af400 JavaThread "Service Thread" daemon [_thread_blocked, id=55, stack(0x00007f069e51a000,0x00007f069e61a000)]
  0x00007f06b80b07f0 JavaThread "Monitor Deflation Thread" daemon [_thread_blocked, id=56, stack(0x00007f069e41a000,0x00007f069e51a000)]
=>0x00007f06b80b21e0 JavaThread "JVMCI-native CompilerThread0" daemon [_thread_in_vm, id=57, stack(0x00007f069e21a000,0x00007f069e41a000)]
  0x00007f06b80b36f0 JavaThread "C1 CompilerThread0" daemon [_thread_blocked, id=58, stack(0x00007f069e01a000,0x00007f069e21a000)]
  0x00007f06b80b4b40 JavaThread "Sweeper thread" daemon [_thread_blocked, id=59, stack(0x00007f069df1a000,0x00007f069e01a000)]
  0x00007f06b80dfb90 JavaThread "Common-Cleaner" daemon [_thread_blocked, id=60, stack(0x00007f069de1a000,0x00007f069df1a000)]
  0x00007f06b8127eb0 JavaThread "Notification Thread" daemon [_thread_blocked, id=61, stack(0x00007f069dd1a000,0x00007f069de1a000)]
  0x00007f06b833b5a0 JavaThread "Active Thread: Equinox Container: 2616cca8-2c47-4de3-937a-6cc454c05f01" [_thread_blocked, id=88, stack(0x00007f069c900000,0x00007f069ca00000)]
  0x00007f06b836e760 JavaThread "Framework Event Dispatcher: Equinox Container: 2616cca8-2c47-4de3-937a-6cc454c05f01" daemon [_thread_blocked, id=89, stack(0x00007f069c700000,0x00007f069c800000)]
  0x00007f06b8370e40 JavaThread "Start Level: Equinox Container: 2616cca8-2c47-4de3-937a-6cc454c05f01" daemon [_thread_blocked, id=90, stack(0x00007f069c500000,0x00007f069c600000)]
  0x00007f06b8635fd0 JavaThread "Refresh Thread: Equinox Container: 2616cca8-2c47-4de3-937a-6cc454c05f01" daemon [_thread_blocked, id=91, stack(0x00007f069c300000,0x00007f069c400000)]
  0x00007f064c0171b0 JavaThread "SCR Component Actor" daemon [_thread_blocked, id=112, stack(0x00007f069c100000,0x00007f069c200000)]
  0x00007f064c2a0940 JavaThread "Worker-JM" [_thread_blocked, id=123, stack(0x00007f0665900000,0x00007f0665a00000)]
  0x00007f064c304750 JavaThread "Worker-0: Compacting resource model" [_thread_blocked, id=135, stack(0x00007f0665700000,0x00007f0665800000)]
  0x00007f06400010d0 JavaThread "Worker-1: Building" [_thread_blocked, id=137, stack(0x00007f0665500000,0x00007f0665600000)]
  0x00007f064c4822a0 JavaThread "Java indexing" daemon [_thread_blocked, id=138, stack(0x00007f0665300000,0x00007f0665400000)]
  0x00007f064c522470 JavaThread "Bundle File Closer" daemon [_thread_blocked, id=139, stack(0x00007f0665100000,0x00007f0665200000)]
  0x00007f06b83b4380 JavaThread "pool-3-thread-1" [_thread_blocked, id=160, stack(0x00007f0664f00000,0x00007f0665000000)]
  0x00007f06b83fbff0 JavaThread "pool-2-thread-1" [_thread_blocked, id=162, stack(0x00007f0664d00000,0x00007f0664e00000)]
  0x00007f0624001130 JavaThread "Worker-3: Periodic workspace save." [_thread_blocked, id=163, stack(0x00007f0664b00000,0x00007f0664c00000)]
  0x00007f0628155730 JavaThread "Thread-27" [_thread_blocked, id=659, stack(0x00007f069c600000,0x00007f069c700000)]
  0x00007f062809ed30 JavaThread "Thread-35" [_thread_blocked, id=793, stack(0x00007f0665400000,0x00007f0665500000)]
  0x00007f062805c6a0 JavaThread "Thread-36" [_thread_blocked, id=890, stack(0x00007f0665a00000,0x00007f0665b00000)]

Other Threads:
  0x00007f06b80a1c10 VMThread "VM Thread" [stack: 0x00007f06bc0f9000,0x00007f06bc1f9000] [id=51] _threads_hazard_ptr=0x00007f0604000c40
  0x00007f06b8129850 WatcherThread [stack: 0x00007f069dc1a000,0x00007f069dd1a000] [id=62]
  0x00007f06b803df30 GCTaskThread "GC Thread#0" [stack: 0x00007f06bdba3000,0x00007f06bdca3000] [id=50]

Threads with active compile tasks:
JVMCI-native CompilerThread0  1113559 10428       4       org.eclipse.core.runtime.jobs.Job::getState (5 bytes)

VM state: synchronizing (normal execution)

VM Mutex/Monitor currently owned by a thread:  ([mutex/lock_event])
[0x00007f06b8023840] Threads_lock - owner thread: 0x00007f06b80a1c10
[0x00007f06b8023ff0] Heap_lock - owner thread: 0x00007f064c4822a0

OutOfMemory and StackOverflow Exception counts:
OutOfMemoryError java_heap_errors=3
LinkageErrors=66

Heap address: 0x00000000e0000000, size: 512 MB, Compressed Oops mode: 32-bit

CDS archive(s) mapped at: [0x0000000800000000-0x0000000800bc8000-0x0000000800bc8000), size 12353536, SharedBaseAddress: 0x0000000800000000, ArchiveRelocationMode: 0.
Compressed class space mapped at: 0x0000000800c00000-0x0000000840c00000, reserved size: 1073741824
Narrow klass base: 0x0000000800000000, Narrow klass shift: 0, Narrow klass range: 0x100000000

GC Precious Log:
 CPUs: 8 total, 1 available
 Memory: 1024M
 Large Page Support: Disabled
 NUMA Support: Disabled
 Compressed Oops: Enabled (32-bit)
 Alignments: Space 512K, Generation 512K, Heap 2M
 Heap Min Capacity: 100M
 Heap Initial Capacity: 100M
 Heap Max Capacity: 512M
 Pre-touch: Disabled
 Parallel Workers: 1

Heap:
 PSYoungGen      total 39936K, used 20991K [0x00000000f5580000, 0x00000000f9280000, 0x0000000100000000)
  eden space 20992K, 99% used [0x00000000f5580000,0x00000000f69ffff8,0x00000000f6a00000)
  from space 18944K, 0% used [0x00000000f8000000,0x00000000f8000000,0x00000000f9280000)
  to   space 20480K, 0% used [0x00000000f6a00000,0x00000000f6a00000,0x00000000f7e00000)
 ParOldGen       total 349696K, used 349695K [0x00000000e0000000, 0x00000000f5580000, 0x00000000f5580000)
  object space 349696K, 99% used [0x00000000e0000000,0x00000000f557ffc8,0x00000000f5580000)
 Metaspace       used 63377K, committed 64384K, reserved 1114112K
  class space    used 6212K, committed 6592K, reserved 1048576K

Card table byte_map: [0x00007f06bdca3000,0x00007f06bdda4000] _byte_map_base: 0x00007f06bd5a3000

Marking Bits: (ParMarkBitMap*) 0x00007f06bf3f34c0
 Begin Bits: [0x00007f06bcaf6000, 0x00007f06bd2f6000)
 End Bits:   [0x00007f06bd2f6000, 0x00007f06bdaf6000)

Polling page: 0x00007f06bdfbd000

Metaspace:

Usage:
  Non-class:     55.83 MB used.
      Class:      6.07 MB used.
       Both:     61.89 MB used.

Virtual space:
  Non-class space:       64.00 MB reserved,      56.44 MB ( 88%) committed,  8 nodes.
      Class space:        1.00 GB reserved,       6.44 MB ( <1%) committed,  1 nodes.
             Both:        1.06 GB reserved,      62.88 MB (  6%) committed. 

Chunk freelists:
   Non-Class:  3.21 MB
       Class:  1.64 MB
        Both:  4.84 MB

MaxMetaspaceSize: unlimited
CompressedClassSpaceSize: 1.00 GB
Initial GC threshold: 21.00 MB
Current GC threshold: 104.81 MB
CDS: on
MetaspaceReclaimPolicy: balanced
 - commit_granule_bytes: 65536.
 - commit_granule_words: 8192.
 - virtual_space_node_default_size: 1048576.
 - enlarge_chunks_in_place: 1.
 - new_chunks_are_fully_committed: 0.
 - uncommit_free_chunks: 1.
 - use_allocation_guard: 0.
 - handle_deallocations: 1.


Internal statistics:

num_allocs_failed_limit: 6.
num_arena_births: 518.
num_arena_deaths: 152.
num_vsnodes_births: 9.
num_vsnodes_deaths: 0.
num_space_committed: 1004.
num_space_uncommitted: 0.
num_chunks_returned_to_freelist: 213.
num_chunks_taken_from_freelist: 3047.
num_chunk_merges: 86.
num_chunk_splits: 1968.
num_chunks_enlarged: 1210.
num_purges: 2.
num_inconsistent_stats: 0.

CodeHeap 'non-profiled nmethods': size=120036Kb used=2716Kb max_used=2716Kb free=117319Kb
 bounds [0x00007f06a6f7a000, 0x00007f06a722a000, 0x00007f06ae4b3000]
CodeHeap 'profiled nmethods': size=120032Kb used=17951Kb max_used=17951Kb free=102081Kb
 bounds [0x00007f069fa42000, 0x00007f06a0bd2000, 0x00007f06a6f7a000]
CodeHeap 'non-nmethods': size=5692Kb used=1394Kb max_used=1410Kb free=4297Kb
 bounds [0x00007f069f4b3000, 0x00007f069f723000, 0x00007f069fa42000]
 total_blobs=8994 nmethods=8263 adapters=634
 compilation: enabled
              stopped_count=0, restarted_count=0
 full_count=0

JVMCI Events (20 events):
Event: 983.986 Thread 0x00007f06b80b21e0 releasing handles for JVMCI runtime 0: oop handles=52, metadata handles={total=160, live=131, blocks=36}
Event: 983.986 Thread 0x00007f06b80b21e0 detached from JVMCI runtime 0
Event: 1002.284 Thread 0x00007f06b80b21e0 attached to JVMCI runtime 0
Event: 1002.285 Thread 0x00007f06b80b21e0 created JavaVM[3]@0x00007f0663f9e340 for JVMCI runtime 0
Event: 1003.257 Thread 0x00007f06b80b21e0 initializing JVMCI runtime 0
Event: 1003.257 Thread 0x00007f06b80b21e0 done waiting for JavaVM references initialization in JVMCI runtime 0
Event: 1019.974 Thread 0x00007f06b80b21e0 initialized JVMCI runtime 0
Event: 1064.476 Thread 0x00007f06b80b21e0 compacted oop handles in JVMCI runtime 0 from 88 to 85
Event: 1064.476 Thread 0x00007f06b80b21e0 compacted oop handles in JVMCI runtime 0 from 86 to 54
Event: 1065.555 Thread 0x00007f06b80b21e0 detaching from JVMCI runtime 0: releasing idle compiler thread (0 other threads still attached)
Event: 1065.555 Thread 0x00007f06b80b21e0 shutting down HotSpotJVMCIRuntime for JVMCI runtime 0
Event: 1065.555 Thread 0x00007f06b80b21e0 shut down JVMCI runtime 0
Event: 1065.557 Thread 0x00007f06b80b21e0 destroyed JavaVM[3]@0x00007f0663f9e340 for JVMCI runtime 0
Event: 1065.557 Thread 0x00007f06b80b21e0 compacted oop handles in JVMCI runtime 0 from 56 to 56
Event: 1065.557 Thread 0x00007f06b80b21e0 releasing handles for JVMCI runtime 0: oop handles=56, metadata handles={total=150, live=145, blocks=36}
Event: 1065.557 Thread 0x00007f06b80b21e0 detached from JVMCI runtime 0
Event: 1086.988 Thread 0x00007f06b80b21e0 attached to JVMCI runtime 0
Event: 1086.990 Thread 0x00007f06b80b21e0 created JavaVM[4]@0x00007f0663f9e340 for JVMCI runtime 0
Event: 1088.058 Thread 0x00007f06b80b21e0 initializing JVMCI runtime 0
Event: 1088.058 Thread 0x00007f06b80b21e0 done waiting for JavaVM references initialization in JVMCI runtime 0

Compilation events (20 events):
Event: 981.557 Thread 0x00007f06b80b21e0 nmethod 10412 0x00007f06a721d810 code [0x00007f06a721d980, 0x00007f06a721d9c0]
Event: 1002.284 Thread 0x00007f06b80b21e0 10420       4       org.eclipse.core.internal.preferences.StringPool::add (59 bytes)
Event: 1018.851 Thread 0x00007f06b80b36f0 10422       3       org.eclipse.core.internal.preferences.EclipsePreferences::getChildren (76 bytes)
Event: 1019.974 Thread 0x00007f06b80b36f0 nmethod 10422 0x00007f06a0bc5910 code [0x00007f06a0bc5b60, 0x00007f06a0bc6f30]
Event: 1033.488 Thread 0x00007f06b80b36f0 10424   !   3       org.eclipse.core.internal.preferences.EclipsePreferences::shareStrings (79 bytes)
Event: 1034.574 Thread 0x00007f06b80b36f0 nmethod 10424 0x00007f06a0bc7390 code [0x00007f06a0bc7580, 0x00007f06a0bc83c0]
Event: 1034.581 Thread 0x00007f06b80b21e0 nmethod 10420 0x00007f06a721db10 code [0x00007f06a721dce0, 0x00007f06a721e430]
Event: 1034.582 Thread 0x00007f06b80b21e0 10421 %     4       java.io.DataOutputStream::writeUTF @ 187 (411 bytes)
Event: 1052.974 Thread 0x00007f06b80b36f0 10425       3       java.util.concurrent.ScheduledThreadPoolExecutor$DelayedWorkQueue::setIndex (16 bytes)
Event: 1053.952 Thread 0x00007f06b80b36f0 nmethod 10425 0x00007f06a0bc8610 code [0x00007f06a0bc87c0, 0x00007f06a0bc8d90]
Event: 1064.476 Thread 0x00007f06b80b21e0 nmethod 10421% 0x00007f06a721e910 code [0x00007f06a721eb60, 0x00007f06a721fe80]
Event: 1064.476 Thread 0x00007f06b80b21e0 10423       4       org.eclipse.core.runtime.ProgressMonitorWrapper::isCanceled (10 bytes)
Event: 1064.477 Thread 0x00007f06b80b21e0 nmethod 10423 0x00007f06a7220790 code [0x00007f06a7220900, 0x00007f06a7220970]
Event: 1068.764 Thread 0x00007f06b80b36f0 10426       1       java.util.concurrent.ThreadPoolExecutor::getQueue (5 bytes)
Event: 1068.764 Thread 0x00007f06b80b36f0 nmethod 10426 0x00007f06a7220a90 code [0x00007f06a7220c20, 0x00007f06a7220cf0]
Event: 1086.988 Thread 0x00007f06b80b21e0 10428       4       org.eclipse.core.runtime.jobs.Job::getState (5 bytes)
Event: 1088.061 Thread 0x00007f06b80b36f0 10429   !   3       org.eclipse.core.internal.jobs.JobManager::endJob (187 bytes)
Event: 1095.568 Thread 0x00007f06b80b36f0 nmethod 10429 0x00007f06a0bc8e90 code [0x00007f06a0bc91e0, 0x00007f06a0bcafb0]
Event: 1098.861 Thread 0x00007f06b80b36f0 10430       3       java.util.concurrent.locks.AbstractQueuedSynchronizer$ConditionObject::canReacquire (28 bytes)
Event: 1098.861 Thread 0x00007f06b80b36f0 nmethod 10430 0x00007f06a0bcb690 code [0x00007f06a0bcb840, 0x00007f06a0bcbb90]

GC Heap History (20 events):
Event: 1102.188 GC heap before
{Heap before GC invocations=1074 (full 975):
 PSYoungGen      total 39936K, used 20992K [0x00000000f5580000, 0x00000000f9280000, 0x0000000100000000)
  eden space 20992K, 100% used [0x00000000f5580000,0x00000000f6a00000,0x00000000f6a00000)
  from space 18944K, 0% used [0x00000000f8000000,0x00000000f8000000,0x00000000f9280000)
  to   space 20480K, 0% used [0x00000000f6a00000,0x00000000f6a00000,0x00000000f7e00000)
 ParOldGen       total 349696K, used 349693K [0x00000000e0000000, 0x00000000f5580000, 0x00000000f5580000)
  object space 349696K, 99% used [0x00000000e0000000,0x00000000f557f660,0x00000000f5580000)
 Metaspace       used 63377K, committed 64384K, reserved 1114112K
  class space    used 6212K, committed 6592K, reserved 1048576K
}
Event: 1103.280 GC heap after
{Heap after GC invocations=1074 (full 975):
 PSYoungGen      total 41472K, used 20991K [0x00000000f5580000, 0x00000000f9280000, 0x0000000100000000)
  eden space 20992K, 99% used [0x00000000f5580000,0x00000000f69fffe0,0x00000000f6a00000)
  from space 20480K, 0% used [0x00000000f6a00000,0x00000000f6a00000,0x00000000f7e00000)
  to   space 18944K, 0% used [0x00000000f8000000,0x00000000f8000000,0x00000000f9280000)
 ParOldGen       total 349696K, used 349693K [0x00000000e0000000, 0x00000000f5580000, 0x00000000f5580000)
  object space 349696K, 99% used [0x00000000e0000000,0x00000000f557f660,0x00000000f5580000)
 Metaspace       used 63377K, committed 64384K, reserved 1114112K
  class space    used 6212K, committed 6592K, reserved 1048576K
}
Event: 1103.281 GC heap before
{Heap before GC invocations=1075 (full 976):
 PSYoungGen      total 41472K, used 20992K [0x00000000f5580000, 0x00000000f9280000, 0x0000000100000000)
  eden space 20992K, 100% used [0x00000000f5580000,0x00000000f6a00000,0x00000000f6a00000)
  from space 20480K, 0% used [0x00000000f6a00000,0x00000000f6a00000,0x00000000f7e00000)
  to   space 18944K, 0% used [0x00000000f8000000,0x00000000f8000000,0x00000000f9280000)
 ParOldGen       total 349696K, used 349693K [0x00000000e0000000, 0x00000000f5580000, 0x00000000f5580000)
  object space 349696K, 99% used [0x00000000e0000000,0x00000000f557f660,0x00000000f5580000)
 Metaspace       used 63377K, committed 64384K, reserved 1114112K
  class space    used 6212K, committed 6592K, reserved 1048576K
}
Event: 1104.456 GC heap after
{Heap after GC invocations=1075 (full 976):
 PSYoungGen      total 39936K, used 20991K [0x00000000f5580000, 0x00000000f9280000, 0x0000000100000000)
  eden space 20992K, 99% used [0x00000000f5580000,0x00000000f69fffe0,0x00000000f6a00000)
  from space 18944K, 0% used [0x00000000f8000000,0x00000000f8000000,0x00000000f9280000)
  to   space 20480K, 0% used [0x00000000f6a00000,0x00000000f6a00000,0x00000000f7e00000)
 ParOldGen       total 349696K, used 349693K [0x00000000e0000000, 0x00000000f5580000, 0x00000000f5580000)
  object space 349696K, 99% used [0x00000000e0000000,0x00000000f557f660,0x00000000f5580000)
 Metaspace       used 63377K, committed 64384K, reserved 1114112K
  class space    used 6212K, committed 6592K, reserved 1048576K
}
Event: 1104.457 GC heap before
{Heap before GC invocations=1076 (full 977):
 PSYoungGen      total 39936K, used 20992K [0x00000000f5580000, 0x00000000f9280000, 0x0000000100000000)
  eden space 20992K, 100% used [0x00000000f5580000,0x00000000f6a00000,0x00000000f6a00000)
  from space 18944K, 0% used [0x00000000f8000000,0x00000000f8000000,0x00000000f9280000)
  to   space 20480K, 0% used [0x00000000f6a00000,0x00000000f6a00000,0x00000000f7e00000)
 ParOldGen       total 349696K, used 349693K [0x00000000e0000000, 0x00000000f5580000, 0x00000000f5580000)
  object space 349696K, 99% used [0x00000000e0000000,0x00000000f557f660,0x00000000f5580000)
 Metaspace       used 63377K, committed 64384K, reserved 1114112K
  class space    used 6212K, committed 6592K, reserved 1048576K
}
Event: 1105.459 GC heap after
{Heap after GC invocations=1076 (full 977):
 PSYoungGen      total 41472K, used 20991K [0x00000000f5580000, 0x00000000f9280000, 0x0000000100000000)
  eden space 20992K, 99% used [0x00000000f5580000,0x00000000f69fffe0,0x00000000f6a00000)
  from space 20480K, 0% used [0x00000000f6a00000,0x00000000f6a00000,0x00000000f7e00000)
  to   space 18944K, 0% used [0x00000000f8000000,0x00000000f8000000,0x00000000f9280000)
 ParOldGen       total 349696K, used 349693K [0x00000000e0000000, 0x00000000f5580000, 0x00000000f5580000)
  object space 349696K, 99% used [0x00000000e0000000,0x00000000f557f660,0x00000000f5580000)
 Metaspace       used 63377K, committed 64384K, reserved 1114112K
  class space    used 6212K, committed 6592K, reserved 1048576K
}
Event: 1105.459 GC heap before
{Heap before GC invocations=1077 (full 978):
 PSYoungGen      total 41472K, used 20992K [0x00000000f5580000, 0x00000000f9280000, 0x0000000100000000)
  eden space 20992K, 100% used [0x00000000f5580000,0x00000000f6a00000,0x00000000f6a00000)
  from space 20480K, 0% used [0x00000000f6a00000,0x00000000f6a00000,0x00000000f7e00000)
  to   space 18944K, 0% used [0x00000000f8000000,0x00000000f8000000,0x00000000f9280000)
 ParOldGen       total 349696K, used 349693K [0x00000000e0000000, 0x00000000f5580000, 0x00000000f5580000)
  object space 349696K, 99% used [0x00000000e0000000,0x00000000f557f660,0x00000000f5580000)
 Metaspace       used 63377K, committed 64384K, reserved 1114112K
  class space    used 6212K, committed 6592K, reserved 1048576K
}
Event: 1106.990 GC heap after
{Heap after GC invocations=1077 (full 978):
 PSYoungGen      total 39936K, used 20991K [0x00000000f5580000, 0x00000000f9280000, 0x0000000100000000)
  eden space 20992K, 99% used [0x00000000f5580000,0x00000000f69fffe0,0x00000000f6a00000)
  from space 18944K, 0% used [0x00000000f8000000,0x00000000f8000000,0x00000000f9280000)
  to   space 20480K, 0% used [0x00000000f6a00000,0x00000000f6a00000,0x00000000f7e00000)
 ParOldGen       total 349696K, used 349693K [0x00000000e0000000, 0x00000000f5580000, 0x00000000f5580000)
  object space 349696K, 99% used [0x00000000e0000000,0x00000000f557f660,0x00000000f5580000)
 Metaspace       used 63377K, committed 64384K, reserved 1114112K
  class space    used 6212K, committed 6592K, reserved 1048576K
}
Event: 1106.990 GC heap before
{Heap before GC invocations=1078 (full 979):
 PSYoungGen      total 39936K, used 20992K [0x00000000f5580000, 0x00000000f9280000, 0x0000000100000000)
  eden space 20992K, 100% used [0x00000000f5580000,0x00000000f6a00000,0x00000000f6a00000)
  from space 18944K, 0% used [0x00000000f8000000,0x00000000f8000000,0x00000000f9280000)
  to   space 20480K, 0% used [0x00000000f6a00000,0x00000000f6a00000,0x00000000f7e00000)
 ParOldGen       total 349696K, used 349693K [0x00000000e0000000, 0x00000000f5580000, 0x00000000f5580000)
  object space 349696K, 99% used [0x00000000e0000000,0x00000000f557f660,0x00000000f5580000)
 Metaspace       used 63377K, committed 64384K, reserved 1114112K
  class space    used 6212K, committed 6592K, reserved 1048576K
}
Event: 1108.174 GC heap after
{Heap after GC invocations=1078 (full 979):
 PSYoungGen      total 41472K, used 20991K [0x00000000f5580000, 0x00000000f9280000, 0x0000000100000000)
  eden space 20992K, 99% used [0x00000000f5580000,0x00000000f69fffe0,0x00000000f6a00000)
  from space 20480K, 0% used [0x00000000f6a00000,0x00000000f6a00000,0x00000000f7e00000)
  to   space 18944K, 0% used [0x00000000f8000000,0x00000000f8000000,0x00000000f9280000)
 ParOldGen       total 349696K, used 349693K [0x00000000e0000000, 0x00000000f5580000, 0x00000000f5580000)
  object space 349696K, 99% used [0x00000000e0000000,0x00000000f557f660,0x00000000f5580000)
 Metaspace       used 63377K, committed 64384K, reserved 1114112K
  class space    used 6212K, committed 6592K, reserved 1048576K
}
Event: 1108.174 GC heap before
{Heap before GC invocations=1079 (full 980):
 PSYoungGen      total 41472K, used 20991K [0x00000000f5580000, 0x00000000f9280000, 0x0000000100000000)
  eden space 20992K, 99% used [0x00000000f5580000,0x00000000f69ffff0,0x00000000f6a00000)
  from space 20480K, 0% used [0x00000000f6a00000,0x00000000f6a00000,0x00000000f7e00000)
  to   space 18944K, 0% used [0x00000000f8000000,0x00000000f8000000,0x00000000f9280000)
 ParOldGen       total 349696K, used 349693K [0x00000000e0000000, 0x00000000f5580000, 0x00000000f5580000)
  object space 349696K, 99% used [0x00000000e0000000,0x00000000f557f660,0x00000000f5580000)
 Metaspace       used 63377K, committed 64384K, reserved 1114112K
  class space    used 6212K, committed 6592K, reserved 1048576K
}
Event: 1109.095 GC heap after
{Heap after GC invocations=1079 (full 980):
 PSYoungGen      total 39936K, used 20991K [0x00000000f5580000, 0x00000000f9280000, 0x0000000100000000)
  eden space 20992K, 99% used [0x00000000f5580000,0x00000000f69fffe0,0x00000000f6a00000)
  from space 18944K, 0% used [0x00000000f8000000,0x00000000f8000000,0x00000000f9280000)
  to   space 20480K, 0% used [0x00000000f6a00000,0x00000000f6a00000,0x00000000f7e00000)
 ParOldGen       total 349696K, used 349693K [0x00000000e0000000, 0x00000000f5580000, 0x00000000f5580000)
  object space 349696K, 99% used [0x00000000e0000000,0x00000000f557f660,0x00000000f5580000)
 Metaspace       used 63377K, committed 64384K, reserved 1114112K
  class space    used 6212K, committed 6592K, reserved 1048576K
}
Event: 1109.096 GC heap before
{Heap before GC invocations=1080 (full 981):
 PSYoungGen      total 39936K, used 20992K [0x00000000f5580000, 0x00000000f9280000, 0x0000000100000000)
  eden space 20992K, 100% used [0x00000000f5580000,0x00000000f6a00000,0x00000000f6a00000)
  from space 18944K, 0% used [0x00000000f8000000,0x00000000f8000000,0x00000000f9280000)
  to   space 20480K, 0% used [0x00000000f6a00000,0x00000000f6a00000,0x00000000f7e00000)
 ParOldGen       total 349696K, used 349695K [0x00000000e0000000, 0x00000000f5580000, 0x00000000f5580000)
  object space 349696K, 99% used [0x00000000e0000000,0x00000000f557ff00,0x00000000f5580000)
 Metaspace       used 63377K, committed 64384K, reserved 1114112K
  class space    used 6212K, committed 6592K, reserved 1048576K
}
Event: 1110.267 GC heap after
{Heap after GC invocations=1080 (full 981):
 PSYoungGen      total 41472K, used 20991K [0x00000000f5580000, 0x00000000f9280000, 0x0000000100000000)
  eden space 20992K, 99% used [0x00000000f5580000,0x00000000f69fff88,0x00000000f6a00000)
  from space 20480K, 0% used [0x00000000f6a00000,0x00000000f6a00000,0x00000000f7e00000)
  to   space 18944K, 0% used [0x00000000f8000000,0x00000000f8000000,0x00000000f9280000)
 ParOldGen       total 349696K, used 349694K [0x00000000e0000000, 0x00000000f5580000, 0x00000000f5580000)
  object space 349696K, 99% used [0x00000000e0000000,0x00000000f557f980,0x00000000f5580000)
 Metaspace       used 63377K, committed 64384K, reserved 1114112K
  class space    used 6212K, committed 6592K, reserved 1048576K
}
Event: 1110.269 GC heap before
{Heap before GC invocations=1081 (full 982):
 PSYoungGen      total 41472K, used 20992K [0x00000000f5580000, 0x00000000f9280000, 0x0000000100000000)
  eden space 20992K, 100% used [0x00000000f5580000,0x00000000f6a00000,0x00000000f6a00000)
  from space 20480K, 0% used [0x00000000f6a00000,0x00000000f6a00000,0x00000000f7e00000)
  to   space 18944K, 0% used [0x00000000f8000000,0x00000000f8000000,0x00000000f9280000)
 ParOldGen       total 349696K, used 349694K [0x00000000e0000000, 0x00000000f5580000, 0x00000000f5580000)
  object space 349696K, 99% used [0x00000000e0000000,0x00000000f557f980,0x00000000f5580000)
 Metaspace       used 63377K, committed 64384K, reserved 1114112K
  class space    used 6212K, committed 6592K, reserved 1048576K
}
Event: 1111.287 GC heap after
{Heap after GC invocations=1081 (full 982):
 PSYoungGen      total 39936K, used 20992K [0x00000000f5580000, 0x00000000f9280000, 0x0000000100000000)
  eden space 20992K, 100% used [0x00000000f5580000,0x00000000f6a00000,0x00000000f6a00000)
  from space 18944K, 0% used [0x00000000f8000000,0x00000000f8000000,0x00000000f9280000)
  to   space 20480K, 0% used [0x00000000f6a00000,0x00000000f6a00000,0x00000000f7e00000)
 ParOldGen       total 349696K, used 349694K [0x00000000e0000000, 0x00000000f5580000, 0x00000000f5580000)
  object space 349696K, 99% used [0x00000000e0000000,0x00000000f557f948,0x00000000f5580000)
 Metaspace       used 63377K, committed 64384K, reserved 1114112K
  class space    used 6212K, committed 6592K, reserved 1048576K
}
Event: 1111.288 GC heap before
{Heap before GC invocations=1082 (full 983):
 PSYoungGen      total 39936K, used 20992K [0x00000000f5580000, 0x00000000f9280000, 0x0000000100000000)
  eden space 20992K, 100% used [0x00000000f5580000,0x00000000f6a00000,0x00000000f6a00000)
  from space 18944K, 0% used [0x00000000f8000000,0x00000000f8000000,0x00000000f9280000)
  to   space 20480K, 0% used [0x00000000f6a00000,0x00000000f6a00000,0x00000000f7e00000)
 ParOldGen       total 349696K, used 349694K [0x00000000e0000000, 0x00000000f5580000, 0x00000000f5580000)
  object space 349696K, 99% used [0x00000000e0000000,0x00000000f557f9b0,0x00000000f5580000)
 Metaspace       used 63377K, committed 64384K, reserved 1114112K
  class space    used 6212K, committed 6592K, reserved 1048576K
}
Event: 1112.386 GC heap after
{Heap after GC invocations=1082 (full 983):
 PSYoungGen      total 41472K, used 20991K [0x00000000f5580000, 0x00000000f9280000, 0x0000000100000000)
  eden space 20992K, 99% used [0x00000000f5580000,0x00000000f69fffa8,0x00000000f6a00000)
  from space 20480K, 0% used [0x00000000f6a00000,0x00000000f6a00000,0x00000000f7e00000)
  to   space 18944K, 0% used [0x00000000f8000000,0x00000000f8000000,0x00000000f9280000)
 ParOldGen       total 349696K, used 349694K [0x00000000e0000000, 0x00000000f5580000, 0x00000000f5580000)
  object space 349696K, 99% used [0x00000000e0000000,0x00000000f557f948,0x00000000f5580000)
 Metaspace       used 63377K, committed 64384K, reserved 1114112K
  class space    used 6212K, committed 6592K, reserved 1048576K
}
Event: 1112.386 GC heap before
{Heap before GC invocations=1083 (full 984):
 PSYoungGen      total 41472K, used 20991K [0x00000000f5580000, 0x00000000f9280000, 0x0000000100000000)
  eden space 20992K, 99% used [0x00000000f5580000,0x00000000f69fffa8,0x00000000f6a00000)
  from space 20480K, 0% used [0x00000000f6a00000,0x00000000f6a00000,0x00000000f7e00000)
  to   space 18944K, 0% used [0x00000000f8000000,0x00000000f8000000,0x00000000f9280000)
 ParOldGen       total 349696K, used 349694K [0x00000000e0000000, 0x00000000f5580000, 0x00000000f5580000)
  object space 349696K, 99% used [0x00000000e0000000,0x00000000f557f948,0x00000000f5580000)
 Metaspace       used 63377K, committed 64384K, reserved 1114112K
  class space    used 6212K, committed 6592K, reserved 1048576K
}
Event: 1113.459 GC heap after
{Heap after GC invocations=1083 (full 984):
 PSYoungGen      total 39936K, used 20991K [0x00000000f5580000, 0x00000000f9280000, 0x0000000100000000)
  eden space 20992K, 99% used [0x00000000f5580000,0x00000000f69fffa8,0x00000000f6a00000)
  from space 18944K, 0% used [0x00000000f8000000,0x00000000f8000000,0x00000000f9280000)
  to   space 20480K, 0% used [0x00000000f6a00000,0x00000000f6a00000,0x00000000f7e00000)
 ParOldGen       total 349696K, used 349694K [0x00000000e0000000, 0x00000000f5580000, 0x00000000f5580000)
  object space 349696K, 99% used [0x00000000e0000000,0x00000000f557f948,0x00000000f5580000)
 Metaspace       used 63377K, committed 64384K, reserved 1114112K
  class space    used 6212K, committed 6592K, reserved 1048576K
}

Dll operation events (9 events):
Event: 0.002 Loaded shared library /nix/store/gpxl5qgg8kicmcvivwmybwjlpf7wh20l-graalvm17-ce-22.3.0/lib/libjava.so
Event: 0.056 Loaded shared library /nix/store/gpxl5qgg8kicmcvivwmybwjlpf7wh20l-graalvm17-ce-22.3.0/lib/libjsvml.so
Event: 0.179 Loaded shared library /nix/store/gpxl5qgg8kicmcvivwmybwjlpf7wh20l-graalvm17-ce-22.3.0/lib/libnio.so
Event: 0.255 Loaded shared library /nix/store/gpxl5qgg8kicmcvivwmybwjlpf7wh20l-graalvm17-ce-22.3.0/lib/libjvmcicompiler.so
Event: 0.268 Loaded shared library /nix/store/gpxl5qgg8kicmcvivwmybwjlpf7wh20l-graalvm17-ce-22.3.0/lib/libzip.so
Event: 0.655 Loaded shared library /nix/store/gpxl5qgg8kicmcvivwmybwjlpf7wh20l-graalvm17-ce-22.3.0/lib/libjimage.so
Event: 1.065 Loaded shared library /nix/store/gpxl5qgg8kicmcvivwmybwjlpf7wh20l-graalvm17-ce-22.3.0/lib/libnet.so
Event: 4.269 Loaded shared library /home/runner/.cache/jdt-language-server/config/org.eclipse.equinox.launcher/org.eclipse.equinox.launcher.gtk.linux.x86_64_1.2.400.v20211117-0650/eclipse_11600.so
Event: 12.556 Loaded shared library /nix/store/gpxl5qgg8kicmcvivwmybwjlpf7wh20l-graalvm17-ce-22.3.0/lib/libextnet.so

Deoptimization events (20 events):
Event: 110.858 Thread 0x00007f06280553a0 DEOPT PACKING pc=0x00007f06a007725d sp=0x00007f06645fd290
Event: 110.858 Thread 0x00007f06280553a0 DEOPT UNPACKING pc=0x00007f069f505325 sp=0x00007f06645fc7f0 mode 0
Event: 369.891 Thread 0x00007f064c4822a0 DEOPT PACKING pc=0x00007f06a081d3dd sp=0x00007f06653fe530
Event: 369.891 Thread 0x00007f064c4822a0 DEOPT UNPACKING pc=0x00007f069f505325 sp=0x00007f06653fda20 mode 0
Event: 413.386 Thread 0x00007f06203a4aa0 Uncommon trap: trap_request=0xffffffed fr.pc=0x00007f06a7087481 relative=0x0000000000000161
Event: 413.386 Thread 0x00007f06203a4aa0 Uncommon trap: reason=null_assert_or_unreached0 action=reinterpret pc=0x00007f06a7087481 method=java.util.concurrent.locks.AbstractQueuedSynchronizer.signalNext(Ljava/util/concurrent/locks/AbstractQueuedSynchronizer$Node;)V @ 17 jvmci
Event: 413.386 Thread 0x00007f06203a4aa0 DEOPT PACKING pc=0x00007f06a7087481 sp=0x00007f0665bfe4e0
Event: 413.386 Thread 0x00007f06203a4aa0 DEOPT UNPACKING pc=0x00007f069f505325 sp=0x00007f0665bfd8b0 mode 3
Event: 480.265 Thread 0x00007f064c4822a0 DEOPT PACKING pc=0x00007f06a081d3dd sp=0x00007f06653fe530
Event: 480.265 Thread 0x00007f064c4822a0 DEOPT UNPACKING pc=0x00007f069f505325 sp=0x00007f06653fda20 mode 0
Event: 480.267 Thread 0x00007f064c4822a0 DEOPT PACKING pc=0x00007f06a081d3dd sp=0x00007f06653fe530
Event: 480.267 Thread 0x00007f064c4822a0 DEOPT UNPACKING pc=0x00007f069f505325 sp=0x00007f06653fda20 mode 0
Event: 485.797 Thread 0x00007f06400010d0 DEOPT PACKING pc=0x00007f06a0946060 sp=0x00007f06655fd990
Event: 485.797 Thread 0x00007f06400010d0 DEOPT UNPACKING pc=0x00007f069f505325 sp=0x00007f06655fce60 mode 0
Event: 496.898 Thread 0x00007f064c4822a0 DEOPT PACKING pc=0x00007f06a081d3dd sp=0x00007f06653fe530
Event: 496.898 Thread 0x00007f064c4822a0 DEOPT UNPACKING pc=0x00007f069f505325 sp=0x00007f06653fda20 mode 0
Event: 838.894 Thread 0x00007f06400010d0 Uncommon trap: trap_request=0xffffffcd fr.pc=0x00007f06a71fd899 relative=0x00000000000018f9
Event: 838.894 Thread 0x00007f06400010d0 Uncommon trap: reason=intrinsic_or_type_checked_inlining action=reinterpret pc=0x00007f06a71fd899 method=java.util.concurrent.ConcurrentHashMap.computeIfAbsent(Ljava/lang/Object;Ljava/util/function/Function;)Ljava/lang/Object; @ 20 jvmci
Event: 838.894 Thread 0x00007f06400010d0 DEOPT PACKING pc=0x00007f06a71fd899 sp=0x00007f06655fe120
Event: 838.894 Thread 0x00007f06400010d0 DEOPT UNPACKING pc=0x00007f069f505325 sp=0x00007f06655fd5b8 mode 3

Classes unloaded (20 events):
Event: 87.280 Thread 0x00007f06b80a1c10 Unloading class 0x0000000800ef4000 'jdk/internal/reflect/GeneratedConstructorAccessor8'
Event: 87.281 Thread 0x00007f06b80a1c10 Unloading class 0x0000000800d99000 'java/lang/invoke/LambdaForm$MH+0x0000000800d99000'
Event: 87.281 Thread 0x00007f06b80a1c10 Unloading class 0x0000000800d98c00 'java/lang/invoke/LambdaForm$MH+0x0000000800d98c00'
Event: 87.281 Thread 0x00007f06b80a1c10 Unloading class 0x0000000800d98800 'java/lang/invoke/LambdaForm$MH+0x0000000800d98800'
Event: 87.281 Thread 0x00007f06b80a1c10 Unloading class 0x0000000800d98400 'java/lang/invoke/LambdaForm$MH+0x0000000800d98400'
Event: 87.281 Thread 0x00007f06b80a1c10 Unloading class 0x0000000800d98000 'jdk/internal/reflect/GeneratedConstructorAccessor3'
Event: 87.281 Thread 0x00007f06b80a1c10 Unloading class 0x0000000800d06800 'java/lang/invoke/LambdaForm$MH+0x0000000800d06800'
Event: 87.281 Thread 0x00007f06b80a1c10 Unloading class 0x0000000800d06000 'java/lang/invoke/LambdaForm$MH+0x0000000800d06000'
Event: 87.281 Thread 0x00007f06b80a1c10 Unloading class 0x0000000800d05c00 'java/lang/invoke/LambdaForm$MH+0x0000000800d05c00'
Event: 87.281 Thread 0x00007f06b80a1c10 Unloading class 0x0000000800d05800 'java/lang/invoke/LambdaForm$MH+0x0000000800d05800'
Event: 87.281 Thread 0x00007f06b80a1c10 Unloading class 0x0000000800d05000 'java/lang/invoke/LambdaForm$MH+0x0000000800d05000'
Event: 87.281 Thread 0x00007f06b80a1c10 Unloading class 0x0000000800d04c00 'java/lang/invoke/LambdaForm$MH+0x0000000800d04c00'
Event: 87.281 Thread 0x00007f06b80a1c10 Unloading class 0x0000000800d04800 'java/lang/invoke/LambdaForm$MH+0x0000000800d04800'
Event: 87.281 Thread 0x00007f06b80a1c10 Unloading class 0x0000000800d04000 'java/lang/invoke/LambdaForm$MH+0x0000000800d04000'
Event: 87.281 Thread 0x00007f06b80a1c10 Unloading class 0x0000000800c1d000 'jdk/internal/reflect/GeneratedMethodAccessor5'
Event: 87.281 Thread 0x00007f06b80a1c10 Unloading class 0x0000000800c1cc00 'jdk/internal/reflect/GeneratedMethodAccessor4'
Event: 87.281 Thread 0x00007f06b80a1c10 Unloading class 0x0000000800c1c800 'jdk/internal/reflect/GeneratedMethodAccessor3'
Event: 87.281 Thread 0x00007f06b80a1c10 Unloading class 0x0000000800c1c400 'jdk/internal/reflect/GeneratedMethodAccessor2'
Event: 87.281 Thread 0x00007f06b80a1c10 Unloading class 0x0000000800c1c000 'jdk/internal/reflect/GeneratedMethodAccessor1'
Event: 87.281 Thread 0x00007f06b80a1c10 Unloading class 0x0000000800c01c00 'java/lang/invoke/LambdaForm$DMH+0x0000000800c01c00'

Classes redefined (0 events):
No events

Internal exceptions (20 events):
Event: 64.572 Thread 0x00007f0628013cd0 Exception <a 'java/lang/ArrayIndexOutOfBoundsException'{0x00000000f5af9b50}: Index 157 out of bounds for length 156> (0x00000000f5af9b50) 
thrown [src/hotspot/share/interpreter/interpreterRuntime.cpp, line 428]
Event: 65.158 Thread 0x00007f0628155730 Implicit null exception at 0x00007f06a70e35d8 to 0x00007f06a70e3937
Event: 66.761 Thread 0x00007f062809ed30 Exception <a 'java/lang/ArrayIndexOutOfBoundsException'{0x00000000f68812f8}> (0x00000000f68812f8) 
thrown [src/hotspot/share/runtime/sharedRuntime.cpp, line 628]
Event: 66.855 Thread 0x00007f062809ed30 Exception <a 'java/lang/ArrayIndexOutOfBoundsException'{0x00000000f692f650}> (0x00000000f692f650) 
thrown [src/hotspot/share/runtime/sharedRuntime.cpp, line 628]
Event: 67.857 Thread 0x00007f062809ed30 Exception <a 'java/lang/ArrayIndexOutOfBoundsException'{0x00000000f5e39db8}> (0x00000000f5e39db8) 
thrown [src/hotspot/share/runtime/sharedRuntime.cpp, line 628]
Event: 67.865 Thread 0x00007f062805c6a0 Exception <a 'java/lang/ArrayIndexOutOfBoundsException'{0x00000000f5f59a88}> (0x00000000f5f59a88) 
thrown [src/hotspot/share/runtime/sharedRuntime.cpp, line 628]
Event: 67.867 Thread 0x00007f062805c6a0 Exception <a 'java/lang/ArrayIndexOutOfBoundsException'{0x00000000f5f7f9e0}> (0x00000000f5f7f9e0) 
thrown [src/hotspot/share/runtime/sharedRuntime.cpp, line 628]
Event: 67.867 Thread 0x00007f062805c6a0 Exception <a 'java/lang/ArrayIndexOutOfBoundsException'{0x00000000f5f7fd00}> (0x00000000f5f7fd00) 
thrown [src/hotspot/share/runtime/sharedRuntime.cpp, line 628]
Event: 71.355 Thread 0x00007f062809ed30 Exception <a 'java/lang/ArrayIndexOutOfBoundsException'{0x00000000f6757770}> (0x00000000f6757770) 
thrown [src/hotspot/share/runtime/sharedRuntime.cpp, line 628]
Event: 71.361 Thread 0x00007f062809ed30 Exception <a 'java/lang/ArrayIndexOutOfBoundsException'{0x00000000f677f720}> (0x00000000f677f720) 
thrown [src/hotspot/share/runtime/sharedRuntime.cpp, line 628]
Event: 71.361 Thread 0x00007f062809ed30 Exception <a 'java/lang/ArrayIndexOutOfBoundsException'{0x00000000f67c0440}> (0x00000000f67c0440) 
thrown [src/hotspot/share/runtime/sharedRuntime.cpp, line 628]
Event: 71.361 Thread 0x00007f062809ed30 Exception <a 'java/lang/ArrayIndexOutOfBoundsException'{0x00000000f67c0760}> (0x00000000f67c0760) 
thrown [src/hotspot/share/runtime/sharedRuntime.cpp, line 628]
Event: 93.151 Thread 0x00007f064c4822a0 Exception <a 'java/lang/OutOfMemoryError'{0x00000000e0004948}> (0x00000000e0004948) 
thrown [src/hotspot/share/gc/shared/memAllocator.cpp, line 138]
Event: 93.151 Thread 0x00007f064c4822a0 Implicit null exception at 0x00007f06a7198f32 to 0x00007f06a719911e
Event: 109.558 Thread 0x00007f06280553a0 Exception <a 'java/lang/ArrayIndexOutOfBoundsException'{0x00000000f6955bf0}> (0x00000000f6955bf0) 
thrown [src/hotspot/share/runtime/sharedRuntime.cpp, line 628]
Event: 109.560 Thread 0x00007f06280553a0 Exception <a 'java/lang/ArrayIndexOutOfBoundsException'{0x00000000f696b918}> (0x00000000f696b918) 
thrown [src/hotspot/share/runtime/sharedRuntime.cpp, line 628]
Event: 109.560 Thread 0x00007f06280553a0 Exception <a 'java/lang/ArrayIndexOutOfBoundsException'{0x00000000f696cbf0}> (0x00000000f696cbf0) 
thrown [src/hotspot/share/runtime/sharedRuntime.cpp, line 628]
Event: 109.560 Thread 0x00007f06280553a0 Exception <a 'java/lang/ArrayIndexOutOfBoundsException'{0x00000000f696cf10}> (0x00000000f696cf10) 
thrown [src/hotspot/share/runtime/sharedRuntime.cpp, line 628]
Event: 1079.686 Thread 0x00007f0624001130 Exception <a 'java/lang/OutOfMemoryError'{0x00000000e0003e08}> (0x00000000e0003e08) 
thrown [src/hotspot/share/gc/shared/memAllocator.cpp, line 136]
Event: 1113.460 Thread 0x00007f06b80b21e0 Exception <a 'java/lang/OutOfMemoryError'{0x00000000e00043f8}> (0x00000000e00043f8) 
thrown [src/hotspot/share/gc/shared/memAllocator.cpp, line 136]

VM Operations (20 events):
Event: 1101.168 Executing VM operation: ParallelGCFailedAllocation
Event: 1102.187 Executing VM operation: ParallelGCFailedAllocation done
Event: 1102.188 Executing VM operation: ParallelGCFailedAllocation
Event: 1103.280 Executing VM operation: ParallelGCFailedAllocation done
Event: 1103.280 Executing VM operation: ParallelGCFailedAllocation
Event: 1104.456 Executing VM operation: ParallelGCFailedAllocation done
Event: 1104.457 Executing VM operation: ParallelGCFailedAllocation
Event: 1105.459 Executing VM operation: ParallelGCFailedAllocation done
Event: 1105.459 Executing VM operation: ParallelGCFailedAllocation
Event: 1106.990 Executing VM operation: ParallelGCFailedAllocation done
Event: 1106.990 Executing VM operation: ParallelGCFailedAllocation
Event: 1108.174 Executing VM operation: ParallelGCFailedAllocation done
Event: 1108.174 Executing VM operation: ParallelGCFailedAllocation
Event: 1109.095 Executing VM operation: ParallelGCFailedAllocation done
Event: 1109.096 Executing VM operation: ParallelGCFailedAllocation
Event: 1110.268 Executing VM operation: ParallelGCFailedAllocation done
Event: 1110.269 Executing VM operation: ParallelGCFailedAllocation
Event: 1111.288 Executing VM operation: ParallelGCFailedAllocation done
Event: 1111.288 Executing VM operation: ParallelGCFailedAllocation
Event: 1113.460 Executing VM operation: ParallelGCFailedAllocation done

Events (20 events):
Event: 88.154 Protecting memory [0x00007f0665a00000,0x00007f0665a04000] with protection modes 0
Event: 93.084 Thread 0x00007f06203aa070 Thread exited: 0x00007f06203aa070
Event: 93.085 Thread 0x00007f0648005170 Thread exited: 0x00007f0648005170
Event: 108.453 Thread 0x00007f06280553a0 Thread added: 0x00007f06280553a0
Event: 108.453 Protecting memory [0x00007f0664500000,0x00007f0664504000] with protection modes 0
Event: 170.202 Thread 0x00007f0628013cd0 Thread exited: 0x00007f0628013cd0
Event: 172.258 Thread 0x00007f061c000ff0 Thread exited: 0x00007f061c000ff0
Event: 172.258 Thread 0x00007f0640007280 Thread exited: 0x00007f0640007280
Event: 368.894 loading class java/io/InterruptedIOException
Event: 368.894 loading class java/io/InterruptedIOException done
Event: 368.895 loading class javax/net/ssl/SSLException
Event: 369.891 loading class javax/net/ssl/SSLException done
Event: 376.067 loading class java/lang/AssertionError
Event: 382.169 loading class java/lang/AssertionError done
Event: 418.170 Thread 0x00007f0648003f20 Thread exited: 0x00007f0648003f20
Event: 425.501 Thread 0x00007f06203a4aa0 Thread exited: 0x00007f06203a4aa0
Event: 437.862 Thread 0x00007f06203a52d0 Thread exited: 0x00007f06203a52d0
Event: 477.779 Thread 0x00007f06280553a0 Thread exited: 0x00007f06280553a0
Event: 1080.674 loading class javax/xml/parsers/ParserConfigurationException
Event: 1081.777 loading class javax/xml/parsers/ParserConfigurationException done


Dynamic libraries:
e0000000-f5580000 rw-p 00000000 00:00 0 
f5580000-f9280000 rw-p 00000000 00:00 0 
f9280000-100000000 ---p 00000000 00:00 0 
800000000-800449000 rw-p 00001000 00:f68 4611686019135357769             /nix/store/gpxl5qgg8kicmcvivwmybwjlpf7wh20l-graalvm17-ce-22.3.0/lib/server/classes.jsa
800449000-800bc8000 r--p 0044a000 00:f68 4611686019135357769             /nix/store/gpxl5qgg8kicmcvivwmybwjlpf7wh20l-graalvm17-ce-22.3.0/lib/server/classes.jsa
800bc8000-800c00000 ---p 00000000 00:00 0 
800c00000-800c20000 rw-p 00000000 00:00 0 
800c20000-800c40000 rw-p 00000000 00:00 0 
800c40000-800cc0000 rw-p 00000000 00:00 0 
800cc0000-800d00000 rw-p 00000000 00:00 0 
800d00000-800dc0000 rw-p 00000000 00:00 0 
800dc0000-800e00000 rw-p 00000000 00:00 0 
800e00000-800f40000 rw-p 00000000 00:00 0 
800f40000-800fc0000 rw-p 00000000 00:00 0 
800fc0000-801000000 rw-p 00000000 00:00 0 
801000000-801270000 rw-p 00000000 00:00 0 
801270000-840c00000 ---p 00000000 00:00 0 
55da4110d000-55da4110e000 r-xp 00000000 00:f68 4611686019099417844       /nix/store/gpxl5qgg8kicmcvivwmybwjlpf7wh20l-graalvm17-ce-22.3.0/bin/.java-wrapped
55da4110f000-55da41110000 r--p 00001000 00:f68 4611686019099417844       /nix/store/gpxl5qgg8kicmcvivwmybwjlpf7wh20l-graalvm17-ce-22.3.0/bin/.java-wrapped
55da41110000-55da41111000 rw-p 00002000 00:f68 4611686019099417844       /nix/store/gpxl5qgg8kicmcvivwmybwjlpf7wh20l-graalvm17-ce-22.3.0/bin/.java-wrapped
55da41111000-55da41112000 rw-p 00004000 00:f68 4611686019099417844       /nix/store/gpxl5qgg8kicmcvivwmybwjlpf7wh20l-graalvm17-ce-22.3.0/bin/.java-wrapped
55da41112000-55da41113000 rw-p 00005000 00:f68 4611686019099417844       /nix/store/gpxl5qgg8kicmcvivwmybwjlpf7wh20l-graalvm17-ce-22.3.0/bin/.java-wrapped
55da41a7a000-55da41ac2000 rw-p 00000000 00:00 0                          [heap]
7f05ec000000-7f05ec021000 rw-p 00000000 00:00 0 
7f05ec021000-7f05f0000000 ---p 00000000 00:00 0 
7f05f4000000-7f05f4149000 rw-p 00000000 00:00 0 
7f05f4149000-7f05f8000000 ---p 00000000 00:00 0 
7f05f8000000-7f05f823e000 rw-p 00000000 00:00 0 
7f05f823e000-7f05fc000000 ---p 00000000 00:00 0 
7f05fe000000-7f05fe0d0000 rw-p 00000000 00:00 0 
7f05fe0d0000-7f05fe0e0000 ---p 00000000 00:00 0 
7f05fe0e0000-7f05fe100000 rw-p 00000000 00:00 0 
7f05fe100000-7f05fe800000 ---p 00000000 00:00 0 
7f05ff800000-7f05ff900000 rw-p 00000000 00:00 0 
7f05ff900000-7f05ff980000 rw-p 00000000 00:00 0 
7f05ff980000-7f05ffa00000 ---p 00000000 00:00 0 
7f05ffa00000-7f05ffb20000 rw-p 00000000 00:00 0 
7f05ffb20000-7f0600000000 rw-p 00000000 00:00 0 
7f0600000000-7f0600021000 rw-p 00000000 00:00 0 
7f0600021000-7f0604000000 ---p 00000000 00:00 0 
7f0604000000-7f0604021000 rw-p 00000000 00:00 0 
7f0604021000-7f0608000000 ---p 00000000 00:00 0 
7f0608000000-7f0608021000 rw-p 00000000 00:00 0 
7f0608021000-7f060c000000 ---p 00000000 00:00 0 
7f060c000000-7f060c021000 rw-p 00000000 00:00 0 
7f060c021000-7f0610000000 ---p 00000000 00:00 0 
7f0610000000-7f0610180000 rw-p 00000000 00:00 0 
7f0610180000-7f0610200000 rw-p 00000000 00:00 0 
7f0610200000-7f0610800000 rw-p 00000000 00:00 0 
7f0611cb3000-7f061b800000 r--s 00000000 00:f68 4611686019135192581       /nix/store/gpxl5qgg8kicmcvivwmybwjlpf7wh20l-graalvm17-ce-22.3.0/lib/modules
7f061b800000-7f061b900000 rw-p 00000000 00:00 0 
7f061b900000-7f061ba00000 rw-p 00000000 00:00 0 
7f061ba00000-7f061c000000 rw-p 00000000 00:00 0 
7f061c000000-7f061c021000 rw-p 00000000 00:00 0 
7f061c021000-7f0620000000 ---p 00000000 00:00 0 
7f0620000000-7f0620502000 rw-p 00000000 00:00 0 
7f0620502000-7f0624000000 ---p 00000000 00:00 0 
7f0624000000-7f062418b000 rw-p 00000000 00:00 0 
7f062418b000-7f0628000000 ---p 00000000 00:00 0 
7f0628000000-7f062818b000 rw-p 00000000 00:00 0 
7f062818b000-7f062c000000 ---p 00000000 00:00 0 
7f062c000000-7f062c021000 rw-p 00000000 00:00 0 
7f062c021000-7f0630000000 ---p 00000000 00:00 0 
7f0630000000-7f0630021000 rw-p 00000000 00:00 0 
7f0630021000-7f0634000000 ---p 00000000 00:00 0 
7f0634000000-7f063404e000 rw-p 00000000 00:00 0 
7f063404e000-7f0638000000 ---p 00000000 00:00 0 
7f0638000000-7f0638058000 rw-p 00000000 00:00 0 
7f0638058000-7f063c000000 ---p 00000000 00:00 0 
7f063c000000-7f063c021000 rw-p 00000000 00:00 0 
7f063c021000-7f0640000000 ---p 00000000 00:00 0 
7f0640000000-7f0640327000 rw-p 00000000 00:00 0 
7f0640327000-7f0644000000 ---p 00000000 00:00 0 
7f0644000000-7f0644021000 rw-p 00000000 00:00 0 
7f0644021000-7f0648000000 ---p 00000000 00:00 0 
7f0648000000-7f0648021000 rw-p 00000000 00:00 0 
7f0648021000-7f064c000000 ---p 00000000 00:00 0 
7f064c000000-7f064c8ba000 rw-p 00000000 00:00 0 
7f064c8ba000-7f0650000000 ---p 00000000 00:00 0 
7f0650000000-7f0650025000 rw-p 00000000 00:00 0 
7f0650025000-7f0654000000 ---p 00000000 00:00 0 
7f0654000000-7f0654021000 rw-p 00000000 00:00 0 
7f0654021000-7f0658000000 ---p 00000000 00:00 0 
7f0658000000-7f0658021000 rw-p 00000000 00:00 0 
7f0658021000-7f065c000000 ---p 00000000 00:00 0 
7f065c000000-7f065c099000 rw-p 00000000 00:00 0 
7f065c099000-7f0660000000 ---p 00000000 00:00 0 
7f0660400000-7f06604c0000 rw-p 00000000 00:00 0 
7f06604c0000-7f0660500000 rw-p 00000000 00:00 0 
7f0660500000-7f0660700000 rw-p 00000000 00:00 0 
7f0660700000-7f06607c0000 rw-p 00000000 00:00 0 
7f06607c0000-7f0660800000 rw-p 00000000 00:00 0 
7f0660800000-7f0660900000 rw-p 00000000 00:00 0 
7f0660900000-7f0660a00000 rw-p 00000000 00:00 0 
7f0660a00000-7f0660c00000 rw-p 00000000 00:00 0 
7f0660c00000-7f0660d00000 rw-p 00000000 00:00 0 
7f0660d00000-7f0660e00000 rw-p 00000000 00:00 0 
7f0660e00000-7f0661400000 rw-p 00000000 00:00 0 
7f0661400000-7f0661500000 rw-p 00000000 00:00 0 
7f0661500000-7f0661600000 rw-p 00000000 00:00 0 
7f0661600000-7f0661900000 rw-p 00000000 00:00 0 
7f0661900000-7f0661a00000 rw-p 00000000 00:00 0 
7f0661a00000-7f0661c00000 rw-p 00000000 00:00 0 
7f0661e00000-7f0661e10000 r-xp 00000000 00:eca 361                       /home/runner/.cache/jdt-language-server/config/org.eclipse.equinox.launcher/org.eclipse.equinox.launcher.gtk.linux.x86_64_1.2.400.v20211117-0650/eclipse_11600.so
7f0661e10000-7f066200f000 ---p 00010000 00:eca 361                       /home/runner/.cache/jdt-language-server/config/org.eclipse.equinox.launcher/org.eclipse.equinox.launcher.gtk.linux.x86_64_1.2.400.v20211117-0650/eclipse_11600.so
7f066200f000-7f0662010000 r--p 0000f000 00:eca 361                       /home/runner/.cache/jdt-language-server/config/org.eclipse.equinox.launcher/org.eclipse.equinox.launcher.gtk.linux.x86_64_1.2.400.v20211117-0650/eclipse_11600.so
7f0662010000-7f0662011000 rw-p 00010000 00:eca 361                       /home/runner/.cache/jdt-language-server/config/org.eclipse.equinox.launcher/org.eclipse.equinox.launcher.gtk.linux.x86_64_1.2.400.v20211117-0650/eclipse_11600.so
7f0663300000-7f0663400000 ---p 00000000 00:00 0 
7f0663400000-7f06639af000 r--p 01122000 00:f68 4611686019135190040       /nix/store/gpxl5qgg8kicmcvivwmybwjlpf7wh20l-graalvm17-ce-22.3.0/lib/libjvmcicompiler.so
7f06639af000-7f0663b00000 r--p 00000000 00:00 0 
7f0663b00000-7f0663b3d000 rw-p 00000000 00:00 0 
7f0663b3d000-7f066405d000 rw-p 0185f000 00:f68 4611686019135190040       /nix/store/gpxl5qgg8kicmcvivwmybwjlpf7wh20l-graalvm17-ce-22.3.0/lib/libjvmcicompiler.so
7f066405d000-7f0664444000 r--p 01d7f000 00:f68 4611686019135190040       /nix/store/gpxl5qgg8kicmcvivwmybwjlpf7wh20l-graalvm17-ce-22.3.0/lib/libjvmcicompiler.so
7f0664500000-7f0664504000 ---p 00000000 00:00 0 
7f0664504000-7f0664600000 rw-p 00000000 00:00 0 
7f0664700000-7f0664704000 ---p 00000000 00:00 0 
7f0664704000-7f0664800000 rw-p 00000000 00:00 0 
7f0664900000-7f0664904000 ---p 00000000 00:00 0 
7f0664904000-7f0664a00000 rw-p 00000000 00:00 0 
7f0664a00000-7f0664a04000 ---p 00000000 00:00 0 
7f0664a04000-7f0664b00000 rw-p 00000000 00:00 0 
7f0664b00000-7f0664b04000 ---p 00000000 00:00 0 
7f0664b04000-7f0664c00000 rw-p 00000000 00:00 0 
7f0664d00000-7f0664d04000 ---p 00000000 00:00 0 
7f0664d04000-7f0664e00000 rw-p 00000000 00:00 0 
7f0664f00000-7f0664f04000 ---p 00000000 00:00 0 
7f0664f04000-7f0665000000 rw-p 00000000 00:00 0 
7f0665100000-7f0665104000 ---p 00000000 00:00 0 
7f0665104000-7f0665200000 rw-p 00000000 00:00 0 
7f0665300000-7f0665304000 ---p 00000000 00:00 0 
7f0665304000-7f0665400000 rw-p 00000000 00:00 0 
7f0665400000-7f0665404000 ---p 00000000 00:00 0 
7f0665404000-7f0665500000 rw-p 00000000 00:00 0 
7f0665500000-7f0665504000 ---p 00000000 00:00 0 
7f0665504000-7f0665600000 rw-p 00000000 00:00 0 
7f0665700000-7f0665704000 ---p 00000000 00:00 0 
7f0665704000-7f0665800000 rw-p 00000000 00:00 0 
7f0665900000-7f0665904000 ---p 00000000 00:00 0 
7f0665904000-7f0665a00000 rw-p 00000000 00:00 0 
7f0665a00000-7f0665a04000 ---p 00000000 00:00 0 
7f0665a04000-7f0665b00000 rw-p 00000000 00:00 0 
7f0665b00000-7f0665b04000 ---p 00000000 00:00 0 
7f0665b04000-7f0665c00000 rw-p 00000000 00:00 0 
7f0665c00000-7f0667d6a000 r-xp 00000000 00:f68 4611686019135190040       /nix/store/gpxl5qgg8kicmcvivwmybwjlpf7wh20l-graalvm17-ce-22.3.0/lib/libjvmcicompiler.so
7f0667d6a000-7f0667f69000 ---p 0216a000 00:f68 4611686019135190040       /nix/store/gpxl5qgg8kicmcvivwmybwjlpf7wh20l-graalvm17-ce-22.3.0/lib/libjvmcicompiler.so
7f0667f69000-7f0667f6a000 r--p 02169000 00:f68 4611686019135190040       /nix/store/gpxl5qgg8kicmcvivwmybwjlpf7wh20l-graalvm17-ce-22.3.0/lib/libjvmcicompiler.so
7f0667f6a000-7f0667f6c000 rw-p 0216a000 00:f68 4611686019135190040       /nix/store/gpxl5qgg8kicmcvivwmybwjlpf7wh20l-graalvm17-ce-22.3.0/lib/libjvmcicompiler.so
7f0667f6c000-7f0667f6d000 rw-p 00000000 00:00 0 
7f0667f6d000-7f0667f72000 rw-p 023c3000 00:f68 4611686019135190040       /nix/store/gpxl5qgg8kicmcvivwmybwjlpf7wh20l-graalvm17-ce-22.3.0/lib/libjvmcicompiler.so
7f0668000000-7f0668021000 rw-p 00000000 00:00 0 
7f0668021000-7f066c000000 ---p 00000000 00:00 0 
7f066c000000-7f066c021000 rw-p 00000000 00:00 0 
7f066c021000-7f0670000000 ---p 00000000 00:00 0 
7f0670000000-7f0670021000 rw-p 00000000 00:00 0 
7f0670021000-7f0674000000 ---p 00000000 00:00 0 
7f0674000000-7f0674021000 rw-p 00000000 00:00 0 
7f0674021000-7f0678000000 ---p 00000000 00:00 0 
7f0678000000-7f06780d1000 rw-p 00000000 00:00 0 
7f06780d1000-7f067c000000 ---p 00000000 00:00 0 
7f067c000000-7f067c9b3000 rw-p 00000000 00:00 0 
7f067c9b3000-7f0680000000 ---p 00000000 00:00 0 
7f0680000000-7f0680021000 rw-p 00000000 00:00 0 
7f0680021000-7f0684000000 ---p 00000000 00:00 0 
7f0684000000-7f0684021000 rw-p 00000000 00:00 0 
7f0684021000-7f0688000000 ---p 00000000 00:00 0 
7f0688000000-7f0688021000 rw-p 00000000 00:00 0 
7f0688021000-7f068c000000 ---p 00000000 00:00 0 
7f068c000000-7f068c021000 rw-p 00000000 00:00 0 
7f068c021000-7f0690000000 ---p 00000000 00:00 0 
7f0690000000-7f0690026000 rw-p 00000000 00:00 0 
7f0690026000-7f0694000000 ---p 00000000 00:00 0 
7f0694000000-7f0694021000 rw-p 00000000 00:00 0 
7f0694021000-7f0698000000 ---p 00000000 00:00 0 
7f0698000000-7f0698072000 rw-p 00000000 00:00 0 
7f0698072000-7f069c004000 ---p 00000000 00:00 0 
7f069c004000-7f069c100000 rw-p 00000000 00:00 0 
7f069c100000-7f069c104000 ---p 00000000 00:00 0 
7f069c104000-7f069c200000 rw-p 00000000 00:00 0 
7f069c200000-7f069c204000 ---p 00000000 00:00 0 
7f069c204000-7f069c300000 rw-p 00000000 00:00 0 
7f069c300000-7f069c304000 ---p 00000000 00:00 0 
7f069c304000-7f069c400000 rw-p 00000000 00:00 0 
7f069c500000-7f069c504000 ---p 00000000 00:00 0 
7f069c504000-7f069c600000 rw-p 00000000 00:00 0 
7f069c600000-7f069c604000 ---p 00000000 00:00 0 
7f069c604000-7f069c700000 rw-p 00000000 00:00 0 
7f069c700000-7f069c704000 ---p 00000000 00:00 0 
7f069c704000-7f069c800000 rw-p 00000000 00:00 0 
7f069c800000-7f069c804000 ---p 00000000 00:00 0 
7f069c804000-7f069c900000 rw-p 00000000 00:00 0 
7f069c900000-7f069c904000 ---p 00000000 00:00 0 
7f069c904000-7f069ca00000 rw-p 00000000 00:00 0 
7f069d768000-7f069dc00000 rw-p 00000000 00:00 0 
7f069dc18000-7f069dc19000 ---p 00000000 00:00 0 
7f069dc19000-7f069dd1a000 rw-p 00000000 00:00 0 
7f069dd1a000-7f069dd1e000 ---p 00000000 00:00 0 
7f069dd1e000-7f069de1a000 rw-p 00000000 00:00 0 
7f069de1a000-7f069de1e000 ---p 00000000 00:00 0 
7f069de1e000-7f069df1a000 rw-p 00000000 00:00 0 
7f069df1a000-7f069df1e000 ---p 00000000 00:00 0 
7f069df1e000-7f069e01a000 rw-p 00000000 00:00 0 
7f069e01a000-7f069e01e000 ---p 00000000 00:00 0 
7f069e01e000-7f069e21a000 rw-p 00000000 00:00 0 
7f069e21a000-7f069e21e000 ---p 00000000 00:00 0 
7f069e21e000-7f069e41a000 rw-p 00000000 00:00 0 
7f069e41a000-7f069e41e000 ---p 00000000 00:00 0 
7f069e41e000-7f069e51a000 rw-p 00000000 00:00 0 
7f069e51a000-7f069e51e000 ---p 00000000 00:00 0 
7f069e51e000-7f069e61a000 rw-p 00000000 00:00 0 
7f069e61a000-7f069e61e000 ---p 00000000 00:00 0 
7f069e61e000-7f069e71a000 rw-p 00000000 00:00 0 
7f069e71a000-7f069ea00000 r--p 00000000 00:a4c 28444448                  /usr/lib/locale/locale-archive
7f069ea00000-7f069ea04000 ---p 00000000 00:00 0 
7f069ea04000-7f069eb00000 rw-p 00000000 00:00 0 
7f069eb00000-7f069eb04000 ---p 00000000 00:00 0 
7f069eb04000-7f069f000000 rw-p 00000000 00:00 0 
7f069f000000-7f069f300000 rw-p 00000000 00:00 0 
7f069f300000-7f069f400000 rw-p 00000000 00:00 0 
7f069f4b3000-7f069f723000 rwxp 00000000 00:00 0 
7f069f723000-7f069fa42000 ---p 00000000 00:00 0 
7f069fa42000-7f06a0bd2000 rwxp 00000000 00:00 0 
7f06a0bd2000-7f06a6f7a000 ---p 00000000 00:00 0 
7f06a6f7a000-7f06a722a000 rwxp 00000000 00:00 0 
7f06a722a000-7f06ae4b3000 ---p 00000000 00:00 0 
7f06ae4b3000-7f06b8000000 r--s 00000000 00:f68 4611686019135192581       /nix/store/gpxl5qgg8kicmcvivwmybwjlpf7wh20l-graalvm17-ce-22.3.0/lib/modules
7f06b8000000-7f06b8639000 rw-p 00000000 00:00 0 
7f06b8639000-7f06bc000000 ---p 00000000 00:00 0 
7f06bc08f000-7f06bc091000 r-xp 00000000 00:f68 4611686019135190017       /nix/store/gpxl5qgg8kicmcvivwmybwjlpf7wh20l-graalvm17-ce-22.3.0/lib/libextnet.so
7f06bc091000-7f06bc092000 r--p 00001000 00:f68 4611686019135190017       /nix/store/gpxl5qgg8kicmcvivwmybwjlpf7wh20l-graalvm17-ce-22.3.0/lib/libextnet.so
7f06bc092000-7f06bc093000 rw-p 00002000 00:f68 4611686019135190017       /nix/store/gpxl5qgg8kicmcvivwmybwjlpf7wh20l-graalvm17-ce-22.3.0/lib/libextnet.so
7f06bc093000-7f06bc094000 rw-p 00004000 00:f68 4611686019135190017       /nix/store/gpxl5qgg8kicmcvivwmybwjlpf7wh20l-graalvm17-ce-22.3.0/lib/libextnet.so
7f06bc094000-7f06bc098000 ---p 00000000 00:00 0 
7f06bc098000-7f06bc0b6000 rw-p 00000000 00:00 0 
7f06bc0b6000-7f06bc0bd000 r-xp 00000000 00:f68 4611686019135192580       /nix/store/gpxl5qgg8kicmcvivwmybwjlpf7wh20l-graalvm17-ce-22.3.0/lib/libzip.so
7f06bc0bd000-7f06bc0be000 ---p 00007000 00:f68 4611686019135192580       /nix/store/gpxl5qgg8kicmcvivwmybwjlpf7wh20l-graalvm17-ce-22.3.0/lib/libzip.so
7f06bc0be000-7f06bc0bf000 r--p 00007000 00:f68 4611686019135192580       /nix/store/gpxl5qgg8kicmcvivwmybwjlpf7wh20l-graalvm17-ce-22.3.0/lib/libzip.so
7f06bc0bf000-7f06bc0c0000 rw-p 00008000 00:f68 4611686019135192580       /nix/store/gpxl5qgg8kicmcvivwmybwjlpf7wh20l-graalvm17-ce-22.3.0/lib/libzip.so
7f06bc0c0000-7f06bc0c2000 rw-p 0000b000 00:f68 4611686019135192580       /nix/store/gpxl5qgg8kicmcvivwmybwjlpf7wh20l-graalvm17-ce-22.3.0/lib/libzip.so
7f06bc0c2000-7f06bc0d7000 r-xp 00000000 00:f68 4611686019135192570       /nix/store/gpxl5qgg8kicmcvivwmybwjlpf7wh20l-graalvm17-ce-22.3.0/lib/libnet.so
7f06bc0d7000-7f06bc0d8000 ---p 00015000 00:f68 4611686019135192570       /nix/store/gpxl5qgg8kicmcvivwmybwjlpf7wh20l-graalvm17-ce-22.3.0/lib/libnet.so
7f06bc0d8000-7f06bc0d9000 r--p 00015000 00:f68 4611686019135192570       /nix/store/gpxl5qgg8kicmcvivwmybwjlpf7wh20l-graalvm17-ce-22.3.0/lib/libnet.so
7f06bc0d9000-7f06bc0da000 rw-p 00016000 00:f68 4611686019135192570       /nix/store/gpxl5qgg8kicmcvivwmybwjlpf7wh20l-graalvm17-ce-22.3.0/lib/libnet.so
7f06bc0da000-7f06bc0dd000 rw-p 0001b000 00:f68 4611686019135192570       /nix/store/gpxl5qgg8kicmcvivwmybwjlpf7wh20l-graalvm17-ce-22.3.0/lib/libnet.so
7f06bc0dd000-7f06bc0f0000 r-xp 00000000 00:f68 4611686019135192571       /nix/store/gpxl5qgg8kicmcvivwmybwjlpf7wh20l-graalvm17-ce-22.3.0/lib/libnio.so
7f06bc0f0000-7f06bc0f1000 r--p 00012000 00:f68 4611686019135192571       /nix/store/gpxl5qgg8kicmcvivwmybwjlpf7wh20l-graalvm17-ce-22.3.0/lib/libnio.so
7f06bc0f1000-7f06bc0f2000 rw-p 00013000 00:f68 4611686019135192571       /nix/store/gpxl5qgg8kicmcvivwmybwjlpf7wh20l-graalvm17-ce-22.3.0/lib/libnio.so
7f06bc0f2000-7f06bc0f7000 rw-p 00019000 00:f68 4611686019135192571       /nix/store/gpxl5qgg8kicmcvivwmybwjlpf7wh20l-graalvm17-ce-22.3.0/lib/libnio.so
7f06bc0f7000-7f06bc0f8000 ---p 00000000 00:00 0 
7f06bc0f8000-7f06bc1f9000 rw-p 00000000 00:00 0 
7f06bc1f9000-7f06bc2c7000 r-xp 00000000 00:f68 4611686019135190036       /nix/store/gpxl5qgg8kicmcvivwmybwjlpf7wh20l-graalvm17-ce-22.3.0/lib/libjsvml.so
7f06bc2c7000-7f06bc2c8000 r--p 000cd000 00:f68 4611686019135190036       /nix/store/gpxl5qgg8kicmcvivwmybwjlpf7wh20l-graalvm17-ce-22.3.0/lib/libjsvml.so
7f06bc2c8000-7f06bc2c9000 rw-p 000ce000 00:f68 4611686019135190036       /nix/store/gpxl5qgg8kicmcvivwmybwjlpf7wh20l-graalvm17-ce-22.3.0/lib/libjsvml.so
7f06bc2c9000-7f06bdba1000 rw-p 00000000 00:00 0 
7f06bdba1000-7f06bdba2000 ---p 00000000 00:00 0 
7f06bdba2000-7f06bdd4d000 rw-p 00000000 00:00 0 
7f06bdd4d000-7f06bdd6d000 rw-p 00000000 00:00 0 
7f06bdd6d000-7f06bdda3000 ---p 00000000 00:00 0 
7f06bdda3000-7f06bddaa000 rw-p 00000000 00:00 0 
7f06bddaa000-7f06bde8f000 ---p 00000000 00:00 0 
7f06bde8f000-7f06bdeb3000 rw-p 00000000 00:00 0 
7f06bdeb3000-7f06bdf7a000 ---p 00000000 00:00 0 
7f06bdf7a000-7f06bdf7f000 rw-p 00000000 00:00 0 
7f06bdf7f000-7f06bdf86000 ---p 00000000 00:00 0 
7f06bdf86000-7f06bdfaa000 r-xp 00000000 00:f68 4611686019135190028       /nix/store/gpxl5qgg8kicmcvivwmybwjlpf7wh20l-graalvm17-ce-22.3.0/lib/libjava.so
7f06bdfaa000-7f06bdfab000 ---p 00024000 00:f68 4611686019135190028       /nix/store/gpxl5qgg8kicmcvivwmybwjlpf7wh20l-graalvm17-ce-22.3.0/lib/libjava.so
7f06bdfab000-7f06bdfac000 r--p 00024000 00:f68 4611686019135190028       /nix/store/gpxl5qgg8kicmcvivwmybwjlpf7wh20l-graalvm17-ce-22.3.0/lib/libjava.so
7f06bdfac000-7f06bdfad000 rw-p 00025000 00:f68 4611686019135190028       /nix/store/gpxl5qgg8kicmcvivwmybwjlpf7wh20l-graalvm17-ce-22.3.0/lib/libjava.so
7f06bdfad000-7f06bdfae000 rw-p 00000000 00:00 0 
7f06bdfae000-7f06bdfb5000 rw-p 0002f000 00:f68 4611686019135190028       /nix/store/gpxl5qgg8kicmcvivwmybwjlpf7wh20l-graalvm17-ce-22.3.0/lib/libjava.so
7f06bdfb5000-7f06bdfbd000 rw-s 00000000 00:427 354                       /tmp/hsperfdata_runner/43
7f06bdfbd000-7f06bdfbe000 ---p 00000000 00:00 0 
7f06bdfbe000-7f06bdfbf000 r--p 00000000 00:00 0 
7f06bdfbf000-7f06bdfc0000 rwxp 00000000 00:00 0 
7f06bdfc0000-7f06bdfdb000 r-xp 00000000 00:f68 4611686019135190032       /nix/store/gpxl5qgg8kicmcvivwmybwjlpf7wh20l-graalvm17-ce-22.3.0/lib/libjimage.so
7f06bdfdb000-7f06bdfdc000 ---p 0001b000 00:f68 4611686019135190032       /nix/store/gpxl5qgg8kicmcvivwmybwjlpf7wh20l-graalvm17-ce-22.3.0/lib/libjimage.so
7f06bdfdc000-7f06bdfde000 r--p 0001b000 00:f68 4611686019135190032       /nix/store/gpxl5qgg8kicmcvivwmybwjlpf7wh20l-graalvm17-ce-22.3.0/lib/libjimage.so
7f06bdfde000-7f06bdfdf000 rw-p 0001d000 00:f68 4611686019135190032       /nix/store/gpxl5qgg8kicmcvivwmybwjlpf7wh20l-graalvm17-ce-22.3.0/lib/libjimage.so
7f06bdfdf000-7f06bdfe0000 rw-p 00024000 00:f68 4611686019135190032       /nix/store/gpxl5qgg8kicmcvivwmybwjlpf7wh20l-graalvm17-ce-22.3.0/lib/libjimage.so
7f06bdfe0000-7f06bdfe4000 ---p 00000000 00:00 0 
7f06bdfe4000-7f06be0e0000 rw-p 00000000 00:00 0 
7f06be0e0000-7f06be0ee000 r--p 00000000 00:f68 4611686019027979927       /nix/store/4nlgxhb09sdr51nc9hdm8az5b08vzkgx-glibc-2.35-163/lib/libm.so.6
7f06be0ee000-7f06be161000 r-xp 0000e000 00:f68 4611686019027979927       /nix/store/4nlgxhb09sdr51nc9hdm8az5b08vzkgx-glibc-2.35-163/lib/libm.so.6
7f06be161000-7f06be1be000 r--p 00081000 00:f68 4611686019027979927       /nix/store/4nlgxhb09sdr51nc9hdm8az5b08vzkgx-glibc-2.35-163/lib/libm.so.6
7f06be1be000-7f06be1bf000 r--p 000dd000 00:f68 4611686019027979927       /nix/store/4nlgxhb09sdr51nc9hdm8az5b08vzkgx-glibc-2.35-163/lib/libm.so.6
7f06be1bf000-7f06be1c0000 rw-p 000de000 00:f68 4611686019027979927       /nix/store/4nlgxhb09sdr51nc9hdm8az5b08vzkgx-glibc-2.35-163/lib/libm.so.6
7f06be1c0000-7f06be1c1000 r--p 00000000 00:f68 4611686019027979946       /nix/store/4nlgxhb09sdr51nc9hdm8az5b08vzkgx-glibc-2.35-163/lib/librt.so.1
7f06be1c1000-7f06be1c2000 r-xp 00001000 00:f68 4611686019027979946       /nix/store/4nlgxhb09sdr51nc9hdm8az5b08vzkgx-glibc-2.35-163/lib/librt.so.1
7f06be1c2000-7f06be1c3000 r--p 00002000 00:f68 4611686019027979946       /nix/store/4nlgxhb09sdr51nc9hdm8az5b08vzkgx-glibc-2.35-163/lib/librt.so.1
7f06be1c3000-7f06be1c4000 r--p 00002000 00:f68 4611686019027979946       /nix/store/4nlgxhb09sdr51nc9hdm8az5b08vzkgx-glibc-2.35-163/lib/librt.so.1
7f06be1c4000-7f06be1c5000 rw-p 00003000 00:f68 4611686019027979946       /nix/store/4nlgxhb09sdr51nc9hdm8az5b08vzkgx-glibc-2.35-163/lib/librt.so.1
7f06be1c5000-7f06bf2d8000 r-xp 00000000 00:f68 4611686019135360866       /nix/store/gpxl5qgg8kicmcvivwmybwjlpf7wh20l-graalvm17-ce-22.3.0/lib/server/libjvm.so
7f06bf2d8000-7f06bf2d9000 ---p 01113000 00:f68 4611686019135360866       /nix/store/gpxl5qgg8kicmcvivwmybwjlpf7wh20l-graalvm17-ce-22.3.0/lib/server/libjvm.so
7f06bf2d9000-7f06bf38e000 r--p 01113000 00:f68 4611686019135360866       /nix/store/gpxl5qgg8kicmcvivwmybwjlpf7wh20l-graalvm17-ce-22.3.0/lib/server/libjvm.so
7f06bf38e000-7f06bf3c2000 rw-p 011c8000 00:f68 4611686019135360866       /nix/store/gpxl5qgg8kicmcvivwmybwjlpf7wh20l-graalvm17-ce-22.3.0/lib/server/libjvm.so
7f06bf3c2000-7f06bf41e000 rw-p 00000000 00:00 0 
7f06bf41e000-7f06bf446000 r--p 00000000 00:f68 4611686019027979918       /nix/store/4nlgxhb09sdr51nc9hdm8az5b08vzkgx-glibc-2.35-163/lib/libc.so.6
7f06bf446000-7f06bf5bc000 r-xp 00028000 00:f68 4611686019027979918       /nix/store/4nlgxhb09sdr51nc9hdm8az5b08vzkgx-glibc-2.35-163/lib/libc.so.6
7f06bf5bc000-7f06bf614000 r--p 0019e000 00:f68 4611686019027979918       /nix/store/4nlgxhb09sdr51nc9hdm8az5b08vzkgx-glibc-2.35-163/lib/libc.so.6
7f06bf614000-7f06bf618000 r--p 001f6000 00:f68 4611686019027979918       /nix/store/4nlgxhb09sdr51nc9hdm8az5b08vzkgx-glibc-2.35-163/lib/libc.so.6
7f06bf618000-7f06bf61a000 rw-p 001fa000 00:f68 4611686019027979918       /nix/store/4nlgxhb09sdr51nc9hdm8az5b08vzkgx-glibc-2.35-163/lib/libc.so.6
7f06bf61a000-7f06bf629000 rw-p 00000000 00:00 0 
7f06bf629000-7f06bf62a000 r--p 00000000 00:f68 4611686019027979923       /nix/store/4nlgxhb09sdr51nc9hdm8az5b08vzkgx-glibc-2.35-163/lib/libdl.so.2
7f06bf62a000-7f06bf62b000 r-xp 00001000 00:f68 4611686019027979923       /nix/store/4nlgxhb09sdr51nc9hdm8az5b08vzkgx-glibc-2.35-163/lib/libdl.so.2
7f06bf62b000-7f06bf62c000 r--p 00002000 00:f68 4611686019027979923       /nix/store/4nlgxhb09sdr51nc9hdm8az5b08vzkgx-glibc-2.35-163/lib/libdl.so.2
7f06bf62c000-7f06bf62d000 r--p 00002000 00:f68 4611686019027979923       /nix/store/4nlgxhb09sdr51nc9hdm8az5b08vzkgx-glibc-2.35-163/lib/libdl.so.2
7f06bf62d000-7f06bf62e000 rw-p 00003000 00:f68 4611686019027979923       /nix/store/4nlgxhb09sdr51nc9hdm8az5b08vzkgx-glibc-2.35-163/lib/libdl.so.2
7f06bf62e000-7f06bf62f000 r--p 00000000 00:f68 4611686019027979942       /nix/store/4nlgxhb09sdr51nc9hdm8az5b08vzkgx-glibc-2.35-163/lib/libpthread.so.0
7f06bf62f000-7f06bf630000 r-xp 00001000 00:f68 4611686019027979942       /nix/store/4nlgxhb09sdr51nc9hdm8az5b08vzkgx-glibc-2.35-163/lib/libpthread.so.0
7f06bf630000-7f06bf631000 r--p 00002000 00:f68 4611686019027979942       /nix/store/4nlgxhb09sdr51nc9hdm8az5b08vzkgx-glibc-2.35-163/lib/libpthread.so.0
7f06bf631000-7f06bf632000 r--p 00002000 00:f68 4611686019027979942       /nix/store/4nlgxhb09sdr51nc9hdm8az5b08vzkgx-glibc-2.35-163/lib/libpthread.so.0
7f06bf632000-7f06bf633000 rw-p 00003000 00:f68 4611686019027979942       /nix/store/4nlgxhb09sdr51nc9hdm8az5b08vzkgx-glibc-2.35-163/lib/libpthread.so.0
7f06bf633000-7f06bf641000 r-xp 00000000 00:f68 4611686019135190033       /nix/store/gpxl5qgg8kicmcvivwmybwjlpf7wh20l-graalvm17-ce-22.3.0/lib/libjli.so
7f06bf641000-7f06bf642000 ---p 0000e000 00:f68 4611686019135190033       /nix/store/gpxl5qgg8kicmcvivwmybwjlpf7wh20l-graalvm17-ce-22.3.0/lib/libjli.so
7f06bf642000-7f06bf643000 r--p 0000e000 00:f68 4611686019135190033       /nix/store/gpxl5qgg8kicmcvivwmybwjlpf7wh20l-graalvm17-ce-22.3.0/lib/libjli.so
7f06bf643000-7f06bf644000 rw-p 0000f000 00:f68 4611686019135190033       /nix/store/gpxl5qgg8kicmcvivwmybwjlpf7wh20l-graalvm17-ce-22.3.0/lib/libjli.so
7f06bf644000-7f06bf645000 rw-p 00012000 00:f68 4611686019135190033       /nix/store/gpxl5qgg8kicmcvivwmybwjlpf7wh20l-graalvm17-ce-22.3.0/lib/libjli.so
7f06bf645000-7f06bf648000 r--p 00000000 00:f68 4611686019106210071       /nix/store/026hln0aq1hyshaxsdvhg0kmcm6yf45r-zlib-1.2.13/lib/libz.so.1.2.13
7f06bf648000-7f06bf65a000 r-xp 00003000 00:f68 4611686019106210071       /nix/store/026hln0aq1hyshaxsdvhg0kmcm6yf45r-zlib-1.2.13/lib/libz.so.1.2.13
7f06bf65a000-7f06bf661000 r--p 00015000 00:f68 4611686019106210071       /nix/store/026hln0aq1hyshaxsdvhg0kmcm6yf45r-zlib-1.2.13/lib/libz.so.1.2.13
7f06bf661000-7f06bf662000 r--p 0001b000 00:f68 4611686019106210071       /nix/store/026hln0aq1hyshaxsdvhg0kmcm6yf45r-zlib-1.2.13/lib/libz.so.1.2.13
7f06bf662000-7f06bf663000 rw-p 0001c000 00:f68 4611686019106210071       /nix/store/026hln0aq1hyshaxsdvhg0kmcm6yf45r-zlib-1.2.13/lib/libz.so.1.2.13
7f06bf663000-7f06bf665000 rw-p 00000000 00:00 0 
7f06bf665000-7f06bf667000 r--p 00000000 00:f68 4611686019027979912       /nix/store/4nlgxhb09sdr51nc9hdm8az5b08vzkgx-glibc-2.35-163/lib/ld-linux-x86-64.so.2
7f06bf667000-7f06bf68e000 r-xp 00002000 00:f68 4611686019027979912       /nix/store/4nlgxhb09sdr51nc9hdm8az5b08vzkgx-glibc-2.35-163/lib/ld-linux-x86-64.so.2
7f06bf68e000-7f06bf69a000 r--p 00029000 00:f68 4611686019027979912       /nix/store/4nlgxhb09sdr51nc9hdm8az5b08vzkgx-glibc-2.35-163/lib/ld-linux-x86-64.so.2
7f06bf69a000-7f06bf69c000 r--p 00034000 00:f68 4611686019027979912       /nix/store/4nlgxhb09sdr51nc9hdm8az5b08vzkgx-glibc-2.35-163/lib/ld-linux-x86-64.so.2
7f06bf69c000-7f06bf69e000 rw-p 00036000 00:f68 4611686019027979912       /nix/store/4nlgxhb09sdr51nc9hdm8az5b08vzkgx-glibc-2.35-163/lib/ld-linux-x86-64.so.2
7ffca31ab000-7ffca31cf000 rw-p 00000000 00:00 0                          [stack]
7ffca31dd000-7ffca31e1000 r--p 00000000 00:00 0                          [vvar]
7ffca31e1000-7ffca31e3000 r-xp 00000000 00:00 0                          [vdso]
ffffffffff600000-ffffffffff601000 --xp 00000000 00:00 0                  [vsyscall]


VM Arguments:
jvm_args: -XX:ThreadPriorityPolicy=1 -XX:+UnlockExperimentalVMOptions -XX:+EnableJVMCIProduct -XX:JVMCIThreadsPerNativeLibraryRuntime=1 -XX:-UnlockExperimentalVMOptions -Declipse.application=org.eclipse.jdt.ls.core.id1 -Dosgi.bundles.defaultStartLevel=4 -Declipse.product=org.eclipse.jdt.ls.core.product -Dlog.level=ALL -Xverify:none -XX:+UseParallelGC -XX:GCTimeRatio=4 -XX:AdaptiveSizePolicyWeight=90 -Dsun.zip.disableMemoryMapping=true -Xmx512m -Xms100m 
java_command: /nix/store/m6gcpi1ii6rghy04cjwjddcavv7i90df-jdt-language-server-1.9.0/share/java/plugins/org.eclipse.equinox.launcher_1.6.400.v20210924-0641.jar --add-modules=ALL-SYSTEM --add-opens java.base/java.util=ALL-UNNAMED --add-opens java.base/java.lang=ALL-UNNAMED -configuration /home/runner/.cache/jdt-language-server/config -data /home/runner/.cache/jdt-language-server/data/home/runner/TestWithGit
java_class_path (initial): /nix/store/m6gcpi1ii6rghy04cjwjddcavv7i90df-jdt-language-server-1.9.0/share/java/plugins/org.eclipse.equinox.launcher_1.6.400.v20210924-0641.jar
Launcher Type: SUN_STANDARD

[Global flags]
    uintx AdaptiveSizePolicyWeight                 = 90                                        {product} {command line}
     intx CICompilerCount                          = 2                                         {product} {ergonomic}
     bool EnableJVMCIProduct                       = true                                {JVMCI product} {jimage}
    uintx GCTimeRatio                              = 4                                         {product} {command line}
   size_t InitialHeapSize                          = 104857600                                 {product} {command line}
     uint JVMCIThreadsPerNativeLibraryRuntime      = 1                                   {JVMCI product} {jimage}
   size_t MaxHeapSize                              = 536870912                                 {product} {command line}
   size_t MaxNewSize                               = 178782208                                 {product} {ergonomic}
   size_t MinHeapDeltaBytes                        = 524288                                    {product} {ergonomic}
   size_t MinHeapSize                              = 104857600                                 {product} {command line}
   size_t NewSize                                  = 34603008                                  {product} {ergonomic}
    uintx NonNMethodCodeHeapSize                   = 5826188                                {pd product} {ergonomic}
    uintx NonProfiledCodeHeapSize                  = 122916026                              {pd product} {ergonomic}
   size_t OldSize                                  = 70254592                                  {product} {ergonomic}
    uintx ProfiledCodeHeapSize                     = 122916026                              {pd product} {ergonomic}
    uintx ReservedCodeCacheSize                    = 251658240                              {pd product} {ergonomic}
     bool SegmentedCodeCache                       = true                                      {product} {ergonomic}
   size_t SoftMaxHeapSize                          = 536870912                              {manageable} {ergonomic}
     intx ThreadPriorityPolicy                     = 1                                         {product} {jimage}
     bool UseCompressedClassPointers               = true                           {product lp64_product} {ergonomic}
     bool UseCompressedOops                        = true                           {product lp64_product} {ergonomic}
     bool UseParallelGC                            = true                                      {product} {command line}

Logging:
Log output configuration:
 #0: stdout all=warning uptime,level,tags
 #1: stderr all=off uptime,level,tags

Environment Variables:
JAVA_HOME=/nix/store/gpxl5qgg8kicmcvivwmybwjlpf7wh20l-graalvm17-ce-22.3.0
PATH=/nix/store/1d6ian3r8kdzspw8hacjhl3xkp40g1lj-binutils-wrapper-2.39/bin:/nix/store/dq0xwmsk1g0i2ayg6pb7y87na2knzylh-gcc-wrapper-11.3.0/bin:/nix/store/bap4d0lpcrhpwmpb8ayjcgkmvfj62lnq-bash-interactive-5.1-p16/bin:/nix/store/pr5n59mb4jzmfx6kanwxly0l07p861fg-patchelf-0.15.0/bin:/nix/store/1gf2flfqnpqbr1b4p4qz2f72y42bs56r-gcc-11.3.0/bin:/nix/store/57xv61c5zi8pphjbcwxxjlgc34p61ic9-glibc-2.35-163-bin/bin:/nix/store/a7gvj343m05j2s32xcnwr35v31ynlypr-coreutils-9.1/bin:/nix/store/039g378vc3pc3dvi9dzdlrd0i4q93qwf-binutils-2.39/bin:/nix/store/gpxl5qgg8kicmcvivwmybwjlpf7wh20l-graalvm17-ce-22.3.0/bin:/nix/store/6z9ag3ihc8mq2hzsw48lhbznvzny65nz-apache-maven-3.8.6/bin:/nix/store/m6gcpi1ii6rghy04cjwjddcavv7i90df-jdt-language-server-1.9.0/bin:/nix/store/84xs5alhs01zrbr4ywm05kxbjbp5590l-java-debug/bin:/nix/store/mydc6f4k2z73xlcz7ilif3v2lcaiqvza-findutils-4.9.0/bin:/nix/store/j9p3g8472iijd50vhdprx0nmk2fqn5gv-diffutils-3.8/bin:/nix/store/89zs7rms6x00xfq4dq6m7mjnhkr8a6r4-gnused-4.8/bin:/nix/store/86bp03jkmsl6f92w0yzg4s59g5mhxwmy-gnugrep-3.7/bin:/nix/store/hwcdqw4jrjnd37wxqgsd47hd0j8bnj09-gawk-5.1.1/bin:/nix/store/cfbhw8r8ags41vwqaz47r583d0p4h4a1-gnutar-1.34/bin:/nix/store/p3m1ndl1lapwrlh698bnb5lvvxh67378-gzip-1.12/bin:/nix/store/a8mhcagrsly7c7mpjrpsnaahk4aax056-bzip2-1.0.8-bin/bin:/nix/store/mblgz65m3zv9x548a3d5m96fj2pbwr09-gnumake-4.3/bin:/nix/store/dsd5gz46hdbdk2rfdimqddhq6m8m8fqs-bash-5.1-p16/bin:/nix/store/v7ljksji50mg3w61dykaa3n3y79n6nil-patch-2.7.6/bin:/nix/store/zlcnmqq14jz5x9439jf937mvayyl63da-xz-5.2.7-bin/bin:/nix/store/y6aj732zm9m87c82fpvf103a1xb22blp-file-5.43/bin:/nix/store/i4kzir3m7mrisxmf5xvlnkw01x4qaqr4-prybar-elisp-0.0.0-e0d9a52/bin:/nix/store/lwwivxf6h7x3cvxp9zv8sj0mv7dak99r-prybar-lua-0.0.0-e0d9a52/bin:/nix/store/gxj28g1cg4hq3qanmjv07156h800qr58-prybar-python3-0.0.0-e0d9a52/bin:/nix/store/hshkjnxrgidigf8x75vg6lqng2xlx9i3-prybar-sqlite-0.0.0-e0d9a52/bin:/nix/store/c4w01bpjgyy5ixmwdk8m1pw87zq4sl26-prybar-tcl-0.0.0-e0d9a52/bin:/nix/store/hpbvrlwd5viqmvcaisb3x0118i913a9n-st
LD_LIBRARY_PATH=/nix/store/a4pff549sk2idnkpzk5nsfps3mdkdnvm-cups-2.4.2-lib/lib:/nix/store/72mqxxhh3cy5yifh92wh2yb8cl2hikyy-cairo-1.16.0/lib:/nix/store/2k366jrbsra97gjfxwvrhvixjfxdach5-glib-2.74.1/lib:/nix/store/2j2znigd8ak37rlwh9khz0ry3clqlw1l-gtk+3-3.24.34/lib:/nix/store/hisqvx32cd57apbpcsnkpx6k3549wql1-libglvnd-1.4.0/lib:/nix/store/p36pgcv991mq5srvg765b78yqpxvk3qs-mesa-21.3.3-drivers/lib:/nix/store/mav4251if1ahjq5vkpwycyyvnmy459c4-pulseaudio-14.2/lib
DISPLAY=:0
LANG=en_US.UTF-8

Signal Handlers:
   SIGSEGV: crash_handler in libjvm.so, mask=11100100010111111101111111111110, flags=SA_RESTART|SA_SIGINFO
    SIGBUS: crash_handler in libjvm.so, mask=11100100010111111101111111111110, flags=SA_RESTART|SA_SIGINFO
    SIGFPE: crash_handler in libjvm.so, mask=11100100010111111101111111111110, flags=SA_RESTART|SA_SIGINFO
   SIGPIPE: IsolateEnterStub_IgnoreSIGPIPEStartupHook_noopSignalHandler_8f19bff2f35b5f630d83b364d6b2339320d4ec70_216e8361c6bc87a8f89f58cc10d3b2fd4415bf87 in libjvmcicompiler.so, mask=00000000000000000000000000000000, flags=SA_RESTART
  *** Handler was modified!
  *** Expected: javaSignalHandler in libjvm.so, mask=11100100110111111111111111111110, flags=SA_RESTART|SA_SIGINFO
   SIGXFSZ: javaSignalHandler in libjvm.so, mask=11100100010111111101111111111110, flags=SA_RESTART|SA_SIGINFO
    SIGILL: crash_handler in libjvm.so, mask=11100100010111111101111111111110, flags=SA_RESTART|SA_SIGINFO
   SIGUSR2: SR_handler in libjvm.so, mask=00000000000000000000000000000000, flags=SA_RESTART|SA_SIGINFO
    SIGHUP: UserHandler in libjvm.so, mask=11100100010111111101111111111110, flags=SA_RESTART|SA_SIGINFO
    SIGINT: UserHandler in libjvm.so, mask=11100100010111111101111111111110, flags=SA_RESTART|SA_SIGINFO
   SIGTERM: UserHandler in libjvm.so, mask=11100100010111111101111111111110, flags=SA_RESTART|SA_SIGINFO
   SIGQUIT: UserHandler in libjvm.so, mask=11100100010111111101111111111110, flags=SA_RESTART|SA_SIGINFO
  *** Handler was modified!
  *** Expected: javaSignalHandler in libjvm.so, mask=11100100110111111111111111111110, flags=SA_RESTART|SA_SIGINFO
   SIGTRAP: crash_handler in libjvm.so, mask=11100100010111111101111111111110, flags=SA_RESTART|SA_SIGINFO


---------------  S Y S T E M  ---------------

OS:
DISTRIB_ID=Ubuntu
DISTRIB_RELEASE=20.04
DISTRIB_CODENAME=focal
DISTRIB_DESCRIPTION="Ubuntu 20.04.2 LTS"
uname: Linux 5.19.0-1027-gcp #29~22.04.1-Ubuntu SMP Thu Jun 22 05:13:17 UTC 2023 x86_64
OS uptime: 0 days 7:07 hours
libc: glibc 2.35 NPTL 2.35 
rlimit (soft/hard): STACK 8192k/infinity , CORE infinity/infinity , NPROC infinity/infinity , NOFILE 5242/5242 , AS infinity/infinity , CPU infinity/infinity , DATA infinity/infinity , FSIZE infinity/infinity , MEMLOCK 8192k/8192k
load average: 10.16 8.55 9.11

/proc/meminfo:
MemTotal:       65839956 kB
MemFree:         8057284 kB
MemAvailable:   46605896 kB
Buffers:         3339160 kB
Cached:         34119888 kB
SwapCached:            0 kB
Active:         15719604 kB
Inactive:       39226684 kB
Active(anon):      10736 kB
Inactive(anon): 17110908 kB
Active(file):   15708868 kB
Inactive(file): 22115776 kB
Unevictable:       29260 kB
Mlocked:           29260 kB
SwapTotal:             0 kB
SwapFree:              0 kB
Zswap:                 0 kB
Zswapped:              0 kB
Dirty:             10440 kB
Writeback:           324 kB
AnonPages:      16203804 kB
Mapped:          1867892 kB
Shmem:             14448 kB
KReclaimable:    1450456 kB
Slab:            2081544 kB
SReclaimable:    1450456 kB
SUnreclaim:       631088 kB
KernelStack:      153744 kB
PageTables:       194960 kB
NFS_Unstable:          0 kB
Bounce:                0 kB
WritebackTmp:          0 kB
CommitLimit:    32919976 kB
Committed_AS:   60998164 kB
VmallocTotal:   34359738367 kB
VmallocUsed:      186424 kB
VmallocChunk:          0 kB
Percpu:            39392 kB
HardwareCorrupted:     0 kB
AnonHugePages:   2174976 kB
ShmemHugePages:        0 kB
ShmemPmdMapped:        0 kB
FileHugePages:         0 kB
FilePmdMapped:         0 kB
HugePages_Total:       0
HugePages_Free:        0
HugePages_Rsvd:        0
HugePages_Surp:        0
Hugepagesize:       2048 kB
Hugetlb:               0 kB
DirectMap4k:     8667960 kB
DirectMap2M:    56340480 kB
DirectMap1G:     4194304 kB

/sys/kernel/mm/transparent_hugepage/enabled: always [madvise] never
/sys/kernel/mm/transparent_hugepage/defrag (defrag/compaction efforts parameter): always defer defer+madvise [madvise] never

Process Memory:
Virtual Size: 4864088K (peak: 4946748K)
Resident Set Size: 759648K (peak: 794556K) (anon: 562436K, file: 197212K, shmem: 0K)
Swapped out: 0K
C-Heap outstanding allocations: 44872K, retained: 14783K
glibc malloc tunables: (default)

/proc/sys/kernel/threads-max (system-wide limit on the number of threads): 514310
/proc/sys/vm/max_map_count (maximum number of memory map areas a process may have): 65530
/proc/sys/kernel/pid_max (system-wide limit on number of process identifiers): 4194304

container (cgroup) information:
container_type: cgroupv1
cpu_cpuset_cpus: 2-7
cpu_memory_nodes: 0
active_processor_count: 1
cpu_quota: 50000
cpu_period: 100000
cpu_shares: 512
memory_limit_in_bytes: 1048576 k
memory_and_swap_limit_in_bytes: 1048576 k
memory_soft_limit_in_bytes: 524288 k
memory_usage_in_bytes: 619468 k
memory_max_usage_in_bytes: 770132 k
maximum number of tasks: 1000
current number of tasks: 50

KVM virtualization detected
Steal ticks since vm start: 0
Steal ticks percentage since vm start:  0.000

CPU: total 8 (initial active 1) (8 cores per cpu, 2 threads per core) family 23 model 49 stepping 0 microcode 0xffffffff, cx8, cmov, fxsr, ht, mmx, 3dnowpref, sse, sse2, sse3, ssse3, sse4a, sse4.1, sse4.2, popcnt, lzcnt, tsc, tscinvbit, avx, avx2, aes, clmul, bmi1, bmi2, adx, sha, fma, vzeroupper, clflush, clflushopt, hv
CPU Model and flags from /proc/cpuinfo:
model name	: AMD EPYC 7B12
flags		: fpu vme de pse tsc msr pae mce cx8 apic sep mtrr pge mca cmov pat pse36 clflush mmx fxsr sse sse2 ht syscall nx mmxext fxsr_opt pdpe1gb rdtscp lm constant_tsc rep_good nopl nonstop_tsc cpuid extd_apicid tsc_known_freq pni pclmulqdq ssse3 fma cx16 sse4_1 sse4_2 movbe popcnt aes xsave avx f16c rdrand hypervisor lahf_lm cmp_legacy cr8_legacy abm sse4a misalignsse 3dnowprefetch osvw topoext ssbd ibrs ibpb stibp vmmcall fsgsbase tsc_adjust bmi1 avx2 smep bmi2 rdseed adx smap clflushopt clwb sha_ni xsaveopt xsavec xgetbv1 clzero xsaveerptr arat npt nrip_save umip rdpid

Online cpus: 0-7
Offline cpus: 
BIOS frequency limitation: <Not Available>
Frequency switch latency (ns): <Not Available>
Available cpu frequencies: <Not Available>
Current governor: <Not Available>
Core performance/turbo boost: <Not Available>

Memory: 4k page, physical 1048576k(429096k free), swap 0k(0k free)
Page Sizes: 4k

vm_info: OpenJDK 64-Bit Server VM (17.0.5+8-jvmci-22.3-b08) for linux-amd64 JRE (17.0.5+8-jvmci-22.3-b08), built on Oct 19 2022 09:01:27 by "buildslave" with gcc 10.3.0

END.
